\BOOKMARK [0][-]{chapter.1}{\376\377\000M\000I\000S\000L\000A\000N\000D\000\040\000S\000y\000s\000t\000e\000m\000\040\000A\000d\000m\000i\000n\000\040\000P\000a\000n\000e\000l}{}% 1
\BOOKMARK [1][-]{section.1.1}{\376\377\000S\000y\000s\000t\000e\000m\000\040\000S\000e\000t\000t\000i\000n\000g}{chapter.1}% 2
\BOOKMARK [2][-]{subsection.1.1.1}{\376\377\000G\000u\000e\000s\000t\000\040\000u\000s\000e\000r\000\040\000p\000o\000l\000y\000g\000o\000n\000\040\000s\000i\000z\000e\000\040\000l\000i\000m\000i\000t}{section.1.1}% 3
\BOOKMARK [2][-]{subsection.1.1.2}{\376\377\000S\000i\000g\000n\000e\000d\000\040\000u\000p\000\040\000u\000s\000e\000r\000\040\000p\000o\000l\000y\000g\000o\000n\000\040\000s\000i\000z\000e\000\040\000l\000i\000m\000i\000t}{section.1.1}% 4
\BOOKMARK [2][-]{subsection.1.1.3}{\376\377\000E\000n\000a\000b\000l\000e\000\040\000u\000s\000e\000r\000\040\000a\000c\000c\000o\000u\000n\000t\000\040\000a\000c\000t\000i\000v\000a\000t\000i\000o\000n}{section.1.1}% 5
\BOOKMARK [2][-]{subsection.1.1.4}{\376\377\000E\000m\000a\000i\000l\000,\000\040\000U\000R\000L\000s\000\040\000a\000n\000d\000\040\000h\000o\000s\000t\000\040\000e\000m\000a\000i\000l\000\040\000h\000o\000s\000t\000\040\000p\000o\000r\000t\000\040\000s\000e\000t\000u\000p}{section.1.1}% 6
\BOOKMARK [2][-]{subsection.1.1.5}{\376\377\000E\000n\000a\000b\000l\000e\000\040\000C\000a\000c\000h\000e\000\040\000L\000i\000m\000i\000t}{section.1.1}% 7
\BOOKMARK [2][-]{subsection.1.1.6}{\376\377\000B\000a\000c\000k\000e\000n\000d\000\040\000p\000o\000r\000t}{section.1.1}% 8
\BOOKMARK [1][-]{section.1.2}{\376\377\000S\000c\000h\000e\000d\000u\000l\000e\000d\000\040\000T\000a\000s\000k\000s}{chapter.1}% 9
\BOOKMARK [1][-]{section.1.3}{\376\377\000U\000p\000l\000o\000a\000d\000i\000n\000g\000\040\000a\000n\000d\000\040\000M\000a\000n\000i\000p\000u\000l\000a\000t\000i\000n\000g\000\040\000d\000a\000t\000a\000\040\000i\000n\000\040\000t\000h\000e\000\040\000s\000y\000s\000t\000e\000m}{chapter.1}% 10
\BOOKMARK [2][-]{subsection.1.3.1}{\376\377\000U\000p\000l\000o\000a\000d\000i\000n\000g\000\040\000d\000a\000t\000a\000\040\000s\000e\000t}{section.1.3}% 11
\BOOKMARK [2][-]{subsection.1.3.2}{\376\377\000U\000p\000l\000o\000a\000d\000i\000n\000g\000\040\000M\000e\000d\000a\000l\000u\000s\000\040\000d\000a\000t\000a}{section.1.3}% 12
\BOOKMARK [2][-]{subsection.1.3.3}{\376\377\000U\000p\000l\000o\000a\000d\000i\000n\000g\000\040\000L\000a\000n\000d\000s\000a\000t\000\040\000d\000a\000t\000a}{section.1.3}% 13
\BOOKMARK [1][-]{section.1.4}{\376\377\000A\000d\000d\000i\000n\000g\000/\000e\000d\000i\000t\000i\000n\000g\000\040\000Q\000u\000e\000s\000t\000i\000o\000n}{chapter.1}% 14
\BOOKMARK [1][-]{section.1.5}{\376\377\000M\000o\000d\000i\000f\000y\000i\000n\000g\000\040\000G\000a\000l\000l\000e\000r\000y\000\040\000I\000t\000e\000m\000s}{chapter.1}% 15
\BOOKMARK [1][-]{section.1.6}{\376\377\000M\000a\000n\000a\000g\000i\000n\000g\000\040\000C\000u\000s\000t\000o\000m\000\040\000s\000h\000a\000p\000e\000f\000i\000l\000e}{chapter.1}% 16
\BOOKMARK [1][-]{section.1.7}{\376\377\000C\000o\000m\000p\000u\000t\000a\000t\000i\000o\000n\000\040\000T\000h\000r\000e\000s\000h\000o\000l\000d}{chapter.1}% 17
\BOOKMARK [1][-]{section.1.8}{\376\377\000M\000a\000n\000a\000g\000i\000n\000g\000\040\000U\000s\000e\000r\000s}{chapter.1}% 18
\BOOKMARK [1][-]{section.1.9}{\376\377\000U\000s\000e\000r\000\040\000F\000e\000e\000d\000b\000a\000c\000k}{chapter.1}% 19
\BOOKMARK [1][-]{section.1.10}{\376\377\000G\000o\000o\000g\000l\000e\000\040\000a\000n\000a\000l\000y\000t\000i\000c\000s}{chapter.1}% 20
\BOOKMARK [0][-]{chapter.2}{\376\377\000D\000a\000t\000a\000\040\000a\000n\000d\000\040\000D\000a\000t\000a\000\040\000s\000o\000u\000r\000c\000e\000s}{}% 21
\BOOKMARK [1][-]{section.2.1}{\376\377\000N\000D\000V\000I}{chapter.2}% 22
\BOOKMARK [1][-]{section.2.2}{\376\377\000S\000o\000i\000l\000\040\000m\000o\000i\000s\000t\000u\000r\000e}{chapter.2}% 23
\BOOKMARK [1][-]{section.2.3}{\376\377\000P\000r\000e\000c\000i\000p\000i\000t\000a\000t\000i\000o\000n}{chapter.2}% 24
\BOOKMARK [1][-]{section.2.4}{\376\377\000E\000v\000a\000p\000o\000t\000r\000a\000n\000s\000p\000i\000r\000a\000t\000i\000o\000n}{chapter.2}% 25
\BOOKMARK [1][-]{section.2.5}{\376\377\000L\000a\000n\000d\000\040\000c\000o\000v\000e\000r}{chapter.2}% 26
\BOOKMARK [1][-]{section.2.6}{\376\377\000S\000o\000i\000l\000\040\000c\000a\000r\000b\000o\000n}{chapter.2}% 27
\BOOKMARK [1][-]{section.2.7}{\376\377\000A\000g\000r\000o\000e\000c\000o\000l\000o\000g\000i\000c\000a\000l\000\040\000Z\000o\000n\000e\000s}{chapter.2}% 28
\BOOKMARK [1][-]{section.2.8}{\376\377\000S\000o\000i\000l\000\040\000Q\000u\000a\000l\000i\000t\000y}{chapter.2}% 29
\BOOKMARK [1][-]{section.2.9}{\376\377\000C\000l\000i\000m\000a\000t\000e}{chapter.2}% 30
\BOOKMARK [1][-]{section.2.10}{\376\377\000A\000d\000m\000i\000n\000i\000s\000t\000r\000a\000t\000i\000v\000e\000\040\000B\000o\000u\000n\000d\000a\000r\000i\000e\000s}{chapter.2}% 31
\BOOKMARK [0][-]{chapter.3}{\376\377\000D\000a\000t\000a\000\040\000P\000r\000e\000p\000a\000r\000a\000t\000i\000o\000n\000\040\000M\000o\000d\000e\000l\000s}{}% 32
\BOOKMARK [1][-]{section.3.1}{\376\377\000T\000h\000e\000\040\000g\000r\000a\000p\000h\000i\000c\000a\000l\000\040\000m\000o\000d\000e\000l\000e\000r}{chapter.3}% 33
\BOOKMARK [2][-]{subsection.3.1.1}{\376\377\000D\000e\000f\000i\000n\000i\000t\000i\000o\000n\000\040\000o\000f\000\040\000i\000n\000p\000u\000t\000s}{section.3.1}% 34
\BOOKMARK [2][-]{subsection.3.1.2}{\376\377\000D\000e\000f\000i\000n\000i\000t\000i\000o\000n\000\040\000o\000f\000\040\000t\000h\000e\000\040\000w\000o\000r\000k\000f\000l\000o\000w}{section.3.1}% 35
\BOOKMARK [2][-]{subsection.3.1.3}{\376\377\000I\000n\000t\000e\000r\000a\000c\000t\000i\000n\000g\000\040\000w\000i\000t\000h\000\040\000t\000h\000e\000\040\000c\000a\000n\000v\000a\000s\000\040\000a\000n\000d\000\040\000e\000l\000e\000m\000e\000n\000t\000s}{section.3.1}% 36
\BOOKMARK [2][-]{subsection.3.1.4}{\376\377\000S\000a\000v\000i\000n\000g\000\040\000a\000n\000d\000\040\000l\000o\000a\000d\000i\000n\000g\000\040\000m\000o\000d\000e\000l\000s}{section.3.1}% 37
\BOOKMARK [3][-]{subsubsection*.3}{\376\377\000E\000x\000p\000o\000r\000t\000i\000n\000g\000\040\000a\000\040\000m\000o\000d\000e\000l\000\040\000a\000s\000\040\000a\000n\000\040\000i\000m\000a\000g\000e\000,\000\040\000P\000D\000F\000\040\000o\000r\000\040\000S\000V\000G}{subsection.3.1.4}% 38
\BOOKMARK [2][-]{subsection.3.1.5}{\376\377\000E\000d\000i\000t\000i\000n\000g\000\040\000a\000\040\000m\000o\000d\000e\000l}{section.3.1}% 39
\BOOKMARK [2][-]{subsection.3.1.6}{\376\377\000E\000d\000i\000t\000i\000n\000g\000\040\000m\000o\000d\000e\000l\000\040\000h\000e\000l\000p\000\040\000f\000i\000l\000e\000s\000\040\000a\000n\000d\000\040\000m\000e\000t\000a\000-\000i\000n\000f\000o\000r\000m\000a\000t\000i\000o\000n}{section.3.1}% 40
\BOOKMARK [2][-]{subsection.3.1.7}{\376\377\000E\000x\000p\000o\000r\000t\000i\000n\000g\000\040\000a\000\040\000m\000o\000d\000e\000l\000\040\000a\000s\000\040\000a\000\040\000P\000y\000t\000h\000o\000n\000\040\000s\000c\000r\000i\000p\000t}{section.3.1}% 41
\BOOKMARK [0][-]{chapter.4}{\376\377\000D\000a\000t\000a\000\040\000s\000o\000u\000r\000c\000e\000s}{}% 42
\BOOKMARK [1][-]{section.4.1}{\376\377\000N\000D\000V\000I}{chapter.4}% 43
\BOOKMARK [1][-]{section.4.2}{\376\377\000S\000o\000i\000l\000\040\000m\000o\000i\000s\000t\000u\000r\000e}{chapter.4}% 44
\BOOKMARK [1][-]{section.4.3}{\376\377\000P\000r\000e\000c\000i\000p\000i\000t\000a\000t\000i\000o\000n}{chapter.4}% 45
\BOOKMARK [1][-]{section.4.4}{\376\377\000E\000v\000a\000p\000o\000t\000r\000a\000n\000s\000p\000i\000r\000a\000t\000i\000o\000n}{chapter.4}% 46
\BOOKMARK [1][-]{section.4.5}{\376\377\000L\000a\000n\000d\000\040\000c\000o\000v\000e\000r}{chapter.4}% 47
\BOOKMARK [1][-]{section.4.6}{\376\377\000S\000o\000i\000l\000\040\000c\000a\000r\000b\000o\000n}{chapter.4}% 48
\BOOKMARK [1][-]{section.4.7}{\376\377\000A\000g\000r\000o\000e\000c\000o\000l\000o\000g\000i\000c\000a\000l\000\040\000Z\000o\000n\000e\000s}{chapter.4}% 49
\BOOKMARK [1][-]{section.4.8}{\376\377\000S\000o\000i\000l\000\040\000Q\000u\000a\000l\000i\000t\000y}{chapter.4}% 50
\BOOKMARK [1][-]{section.4.9}{\376\377\000C\000l\000i\000m\000a\000t\000e}{chapter.4}% 51
\BOOKMARK [1][-]{section.4.10}{\376\377\000A\000d\000m\000i\000n\000i\000s\000t\000r\000a\000t\000i\000v\000e\000\040\000B\000o\000u\000n\000d\000a\000r\000i\000e\000s}{chapter.4}% 52
\BOOKMARK [0][-]{chapter.5}{\376\377\000V\000e\000g\000e\000t\000a\000t\000i\000o\000n\000\040\000I\000n\000d\000i\000c\000e\000s}{}% 53
\BOOKMARK [1][-]{section.5.1}{\376\377\000M\000O\000D\000I\000S\000\040\000N\000D\000V\000I}{chapter.5}% 54
\BOOKMARK [2][-]{subsection.5.1.1}{\376\377\000D\000a\000t\000a\000\040\000d\000o\000w\000n\000l\000o\000a\000d\000\040\000f\000r\000o\000m\000\040\000G\000o\000o\000g\000l\000e\000\040\000E\000a\000r\000t\000h\000\040\000E\000n\000g\000i\000n\000e}{section.5.1}% 55
\BOOKMARK [1][-]{section.5.2}{\376\377\000L\000a\000n\000d\000s\000a\000t\000\040\000d\000e\000r\000i\000v\000e\000d\000\040\000N\000D\000V\000I\000,\000\040\000M\000S\000A\000V\000I\000,\000\040\000S\000A\000V\000I}{chapter.5}% 56
\BOOKMARK [2][-]{subsection.5.2.1}{\376\377\000D\000a\000t\000a\000\040\000d\000o\000w\000n\000l\000o\000a\000d\000\040\000f\000r\000o\000m\000\040\000G\000o\000o\000g\000l\000e\000\040\000E\000a\000r\000t\000h\000\040\000E\000n\000g\000i\000n\000e}{section.5.2}% 57
\BOOKMARK [0][-]{chapter.6}{\376\377\000L\000a\000n\000d\000c\000o\000v\000e\000r\000\040\000D\000a\000t\000a\000\040\000P\000r\000e\000p\000a\000r\000a\000t\000i\000o\000n}{}% 58
\BOOKMARK [1][-]{section.6.1}{\376\377\000D\000a\000t\000a\000\040\000P\000r\000e\000p\000r\000o\000c\000e\000s\000s\000i\000n\000g\000\040\000S\000t\000e\000p\000s}{chapter.6}% 59
\BOOKMARK [1][-]{section.6.2}{\376\377\000D\000a\000t\000a\000\040\000U\000p\000l\000o\000a\000d\000\040\000t\000o\000\040\000M\000I\000S\000L\000A\000N\000D\000\040\000s\000e\000r\000v\000i\000c\000e}{chapter.6}% 60
\BOOKMARK [0][-]{chapter.7}{\376\377\000F\000o\000r\000e\000s\000t\000\040\000L\000o\000s\000s}{}% 61
\BOOKMARK [1][-]{section.7.1}{\376\377\000D\000a\000t\000a\000\040\000P\000r\000e\000p\000r\000o\000c\000e\000s\000s\000i\000n\000g\000\040\000a\000n\000d\000\040\000D\000o\000w\000n\000l\000o\000a\000d\000\040\000o\000n\000\040\000G\000E\000E}{chapter.7}% 62
\BOOKMARK [1][-]{section.7.2}{\376\377\000D\000a\000t\000a\000\040\000P\000r\000e\000p\000r\000o\000c\000e\000s\000s\000i\000n\000g\000\040\000i\000n\000\040\000Q\000g\000i\000s}{chapter.7}% 63
\BOOKMARK [1][-]{section.7.3}{\376\377\000U\000p\000l\000o\000a\000d\000\040\000t\000o\000\040\000M\000I\000S\000L\000A\000N\000D\000\040\000S\000e\000r\000v\000i\000c\000e}{chapter.7}% 64
\BOOKMARK [0][-]{chapter.8}{\376\377\000E\000c\000o\000l\000o\000g\000i\000c\000a\000l\000\040\000U\000n\000i\000t\000s\000\040\000L\000a\000y\000e\000r}{}% 65
\BOOKMARK [1][-]{section.8.1}{\376\377\000Q\000G\000I\000S\000\040\000D\000a\000t\000a\000\040\000p\000r\000e\000-\000p\000r\000o\000c\000e\000s\000s\000i\000n\000g\000\040\000s\000t\000e\000p\000s}{chapter.8}% 66
\BOOKMARK [1][-]{section.8.2}{\376\377\000U\000p\000l\000o\000a\000d\000i\000n\000g\000\040\000t\000h\000e\000\040\000E\000c\000o\000l\000o\000g\000i\000c\000a\000l\000\040\000U\000n\000i\000t\000s\000\040\000t\000o\000\040\000M\000I\000S\000L\000A\000N\000D\000\040\000S\000e\000r\000v\000i\000c\000e}{chapter.8}% 67
\BOOKMARK [0][-]{chapter.9}{\376\377\000C\000l\000i\000m\000a\000t\000e\000\040\000Q\000u\000a\000l\000i\000t\000y\000\040\000I\000n\000d\000e\000x}{}% 68
\BOOKMARK [1][-]{section.9.1}{\376\377\000D\000a\000t\000a\000\040\000P\000r\000e\000p\000r\000o\000c\000e\000s\000s\000i\000n\000g\000\040\000i\000n\000\040\000Q\000g\000i\000s}{chapter.9}% 69
\BOOKMARK [1][-]{section.9.2}{\376\377\000U\000p\000l\000o\000a\000d\000i\000n\000g\000\040\000t\000h\000e\000\040\000A\000r\000i\000d\000i\000d\000y\000\040\000I\000n\000d\000e\000x\000\040\000t\000o\000\040\000M\000I\000S\000L\000A\000N\000D\000\040\000S\000e\000r\000v\000i\000c\000e}{chapter.9}% 70
\BOOKMARK [1][-]{section.9.3}{\376\377\000U\000p\000l\000o\000a\000d\000i\000n\000g\000\040\000t\000h\000e\000\040\000R\000a\000i\000n\000f\000a\000l\000l\000\040\000D\000a\000t\000a\000\040\000t\000o\000\040\000M\000I\000S\000L\000A\000N\000D\000\040\000S\000e\000r\000v\000i\000c\000e}{chapter.9}% 71
\BOOKMARK [0][-]{chapter.10}{\376\377\000V\000e\000g\000e\000t\000a\000t\000i\000o\000n\000\040\000Q\000u\000l\000a\000l\000i\000t\000y\000\040\000I\000n\000d\000e\000x}{}% 72
\BOOKMARK [1][-]{section.10.1}{\376\377\000C\000o\000m\000p\000u\000t\000e\000\040\000a\000n\000d\000\040\000d\000o\000w\000n\000l\000o\000a\000d\000\040\000P\000R\000O\000B\000A\000V\000\040\000m\000a\000x\000N\000D\000V\000I\000\040\000f\000o\000r\000m\000\040\000G\000o\000o\000g\000l\000e\000\040\000E\000a\000r\000t\000h\000\040\000E\000n\000g\000i\000n\000e}{chapter.10}% 73
\BOOKMARK [1][-]{section.10.2}{\376\377\000D\000a\000t\000a\000\040\000P\000r\000e\000p\000r\000o\000c\000e\000s\000s\000i\000n\000g\000\040\000i\000n\000\040\000Q\000g\000i\000s}{chapter.10}% 74
\BOOKMARK [1][-]{section.10.3}{\376\377\000D\000a\000t\000a\000\040\000U\000p\000l\000o\000a\000d\000\040\000t\000o\000\040\000M\000I\000S\000L\000A\000N\000D\000\040\000s\000e\000r\000v\000i\000c\000e}{chapter.10}% 75
\BOOKMARK [0][-]{chapter.11}{\376\377\000S\000o\000i\000l\000\040\000Q\000u\000a\000l\000i\000t\000y\000\040\000I\000n\000d\000e\000x}{}% 76
\BOOKMARK [0][-]{chapter.12}{\376\377\000M\000a\000n\000a\000g\000e\000m\000e\000n\000t\000\040\000Q\000u\000l\000i\000t\000y\000\040\000I\000n\000d\000e\000x}{}% 77
\BOOKMARK [1][-]{section.12.1}{\376\377\000D\000a\000t\000a\000\040\000P\000r\000e\000p\000r\000o\000c\000e\000s\000s\000i\000n\000g\000\040\000i\000n\000\040\000Q\000g\000i\000s}{chapter.12}% 78
\BOOKMARK [1][-]{section.12.2}{\376\377\000U\000p\000l\000o\000a\000d\000i\000n\000g\000\040\000t\000h\000e\000\040\000d\000a\000t\000a\000\040\000t\000o\000\040\000M\000I\000S\000L\000A\000N\000D\000\040\000S\000e\000r\000v\000i\000c\000e}{chapter.12}% 79
\BOOKMARK [0][-]{chapter.13}{\376\377\000S\000o\000i\000l\000\040\000O\000r\000g\000a\000n\000i\000c\000\040\000C\000a\000r\000b\000o\000n}{}% 80
\BOOKMARK [0][-]{chapter.14}{\376\377\000C\000o\000a\000s\000t\000a\000l\000\040\000V\000u\000l\000n\000e\000r\000a\000b\000i\000l\000i\000t\000y\000\040\000I\000n\000d\000e\000x}{}% 81
\BOOKMARK [1][-]{section.14.1}{\376\377\000D\000a\000t\000a\000\040\000D\000o\000w\000n\000l\000o\000a\000d}{chapter.14}% 82
\BOOKMARK [2][-]{subsection.14.1.1}{\376\377\000D\000a\000t\000a\000\040\000P\000r\000o\000c\000e\000s\000s\000i\000n\000g\000\040\000S\000t\000e\000p\000s}{section.14.1}% 83
\BOOKMARK [2][-]{subsection.14.1.2}{\376\377\000G\000e\000o\000m\000o\000r\000p\000h\000o\000l\000o\000g\000y}{section.14.1}% 84
\BOOKMARK [1][-]{section.14.2}{\376\377\000U\000p\000l\000o\000a\000d\000\040\000t\000o\000\040\000M\000I\000S\000L\000A\000N\000D\000\040\000S\000e\000r\000v\000i\000c\000e}{chapter.14}% 85
\BOOKMARK [2][-]{subsection.14.2.1}{\376\377\000C\000o\000a\000s\000t\000a\000l\000\040\000S\000l\000o\000p\000e}{section.14.2}% 86
\BOOKMARK [2][-]{subsection.14.2.2}{\376\377\000T\000i\000d\000a\000l\000\040\000R\000a\000n\000g\000e}{section.14.2}% 87
\BOOKMARK [2][-]{subsection.14.2.3}{\376\377\000W\000a\000v\000e\000\040\000H\000e\000i\000g\000h\000t}{section.14.2}% 88
\BOOKMARK [2][-]{subsection.14.2.4}{\376\377\000S\000h\000o\000r\000e\000l\000i\000n\000e\000\040\000E\000r\000o\000s\000i\000o\000n}{section.14.2}% 89
\BOOKMARK [2][-]{subsection.14.2.5}{\376\377\000S\000e\000a\000\040\000L\000e\000v\000e\000l\000\040\000R\000i\000s\000e}{section.14.2}% 90
\BOOKMARK [0][-]{chapter.15}{\376\377\000I\000n\000d\000i\000c\000e\000s\000\040\000a\000n\000d\000\040\000t\000a\000b\000l\000e\000s}{}% 91
