This is pdfTeX, Version 3.14159265-2.6-1.40.20 (TeX Live 2019/Debian) (preloaded format=pdflatex 2023.2.3)  3 FEB 2023 01:19
entering extended mode
 restricted \write18 enabled.
 %&-line parsing enabled.
**mislanddatapreparationmanual.tex
(./mislanddatapreparationmanual.tex
LaTeX2e <2020-02-02> patch level 2
L3 programming layer <2020-02-14> (./sphinxmanual.cls
Document Class: sphinxmanual 2019/12/01 v2.3.0 Document class (Sphinx manual)
(/usr/share/texlive/texmf-dist/tex/latex/base/report.cls
Document Class: report 2019/12/20 v1.4l Standard LaTeX document class
(/usr/share/texlive/texmf-dist/tex/latex/base/size10.clo
File: size10.clo 2019/12/20 v1.4l Standard LaTeX file (size option)
)
\c@part=\count167
\c@chapter=\count168
\c@section=\count169
\c@subsection=\count170
\c@subsubsection=\count171
\c@paragraph=\count172
\c@subparagraph=\count173
\c@figure=\count174
\c@table=\count175
\abovecaptionskip=\skip47
\belowcaptionskip=\skip48
\bibindent=\dimen134
)
LaTeX Info: Redefining \and on input line 35.
)
(/usr/share/texlive/texmf-dist/tex/latex/base/inputenc.sty
Package: inputenc 2018/08/11 v1.3c Input encoding file
\inpenc@prehook=\toks14
\inpenc@posthook=\toks15
)
   defining Unicode char U+00A0 (decimal 160)
   defining Unicode char U+2500 (decimal 9472)
   defining Unicode char U+2502 (decimal 9474)
   defining Unicode char U+2514 (decimal 9492)
   defining Unicode char U+251C (decimal 9500)
   defining Unicode char U+2572 (decimal 9586)

(/usr/share/texlive/texmf-dist/tex/latex/cmap/cmap.sty
Package: cmap 2008/03/06 v1.0h CMap support: searchable PDF
)
(/usr/share/texlive/texmf-dist/tex/latex/base/fontenc.sty
Package: fontenc 2020/02/11 v2.0o Standard LaTeX package
<<t1.cmap>>)
(/usr/share/texlive/texmf-dist/tex/latex/amsmath/amsmath.sty
Package: amsmath 2020/01/20 v2.17e AMS math features
\@mathmargin=\skip49

For additional information on amsmath, use the `?' option.
(/usr/share/texlive/texmf-dist/tex/latex/amsmath/amstext.sty
Package: amstext 2000/06/29 v2.01 AMS text

(/usr/share/texlive/texmf-dist/tex/latex/amsmath/amsgen.sty
File: amsgen.sty 1999/11/30 v2.0 generic functions
\@emptytoks=\toks16
\ex@=\dimen135
))
(/usr/share/texlive/texmf-dist/tex/latex/amsmath/amsbsy.sty
Package: amsbsy 1999/11/29 v1.2d Bold Symbols
\pmbraise@=\dimen136
)
(/usr/share/texlive/texmf-dist/tex/latex/amsmath/amsopn.sty
Package: amsopn 2016/03/08 v2.02 operator names
)
\inf@bad=\count176
LaTeX Info: Redefining \frac on input line 227.
\uproot@=\count177
\leftroot@=\count178
LaTeX Info: Redefining \overline on input line 389.
\classnum@=\count179
\DOTSCASE@=\count180
LaTeX Info: Redefining \ldots on input line 486.
LaTeX Info: Redefining \dots on input line 489.
LaTeX Info: Redefining \cdots on input line 610.
\Mathstrutbox@=\box45
\strutbox@=\box46
\big@size=\dimen137
LaTeX Font Info:    Redeclaring font encoding OML on input line 733.
LaTeX Font Info:    Redeclaring font encoding OMS on input line 734.
\macc@depth=\count181
\c@MaxMatrixCols=\count182
\dotsspace@=\muskip16
\c@parentequation=\count183
\dspbrk@lvl=\count184
\tag@help=\toks17
\row@=\count185
\column@=\count186
\maxfields@=\count187
\andhelp@=\toks18
\eqnshift@=\dimen138
\alignsep@=\dimen139
\tagshift@=\dimen140
\tagwidth@=\dimen141
\totwidth@=\dimen142
\lineht@=\dimen143
\@envbody=\toks19
\multlinegap=\skip50
\multlinetaggap=\skip51
\mathdisplay@stack=\toks20
LaTeX Info: Redefining \[ on input line 2859.
LaTeX Info: Redefining \] on input line 2860.
)
(/usr/share/texlive/texmf-dist/tex/latex/amsfonts/amssymb.sty
Package: amssymb 2013/01/14 v3.01 AMS font symbols

(/usr/share/texlive/texmf-dist/tex/latex/amsfonts/amsfonts.sty
Package: amsfonts 2013/01/14 v3.01 Basic AMSFonts support
\symAMSa=\mathgroup4
\symAMSb=\mathgroup5
LaTeX Font Info:    Redeclaring math symbol \hbar on input line 98.
LaTeX Font Info:    Overwriting math alphabet `\mathfrak' in version `bold'
(Font)                  U/euf/m/n --> U/euf/b/n on input line 106.
))
(/usr/share/texlive/texmf-dist/tex/generic/babel/babel.sty
Package: babel 2020/02/14 3.40 The Babel package

(/usr/share/texlive/texmf-dist/tex/generic/babel/switch.def
File: switch.def 2020/02/14 3.40 Babel switching mechanism
)
(/usr/share/texlive/texmf-dist/tex/generic/babel-english/english.ldf
Language: english 2017/06/06 v3.3r English support from the babel system

(/usr/share/texlive/texmf-dist/tex/generic/babel/babel.def
File: babel.def 2020/02/14 3.40 Babel common definitions
\babel@savecnt=\count188
\U@D=\dimen144

(/usr/share/texlive/texmf-dist/tex/generic/babel/txtbabel.def)
\bbl@readstream=\read2
\bbl@dirlevel=\count189
)
Package babel Info: \l@british = using hyphenrules for english
(babel)             (\language0) on input line 82.
Package babel Info: \l@UKenglish = using hyphenrules for english
(babel)             (\language0) on input line 83.
Package babel Info: \l@canadian = using hyphenrules for english
(babel)             (\language0) on input line 102.
Package babel Info: \l@australian = using hyphenrules for english
(babel)             (\language0) on input line 105.
Package babel Info: \l@newzealand = using hyphenrules for english
(babel)             (\language0) on input line 108.
))
(/usr/share/texmf/tex/latex/tex-gyre/tgtermes.sty
Package: tgtermes 2009/09/27 v1.2 TeX Gyre Termes as default roman family

(/usr/share/texlive/texmf-dist/tex/latex/kvoptions/kvoptions.sty
Package: kvoptions 2019/11/29 v3.13 Key value format for package options (HO)

(/usr/share/texlive/texmf-dist/tex/latex/graphics/keyval.sty
Package: keyval 2014/10/28 v1.15 key=value parser (DPC)
\KV@toks@=\toks21
)
(/usr/share/texlive/texmf-dist/tex/generic/ltxcmds/ltxcmds.sty
Package: ltxcmds 2019/12/15 v1.24 LaTeX kernel commands for general use (HO)
)
(/usr/share/texlive/texmf-dist/tex/generic/kvsetkeys/kvsetkeys.sty
Package: kvsetkeys 2019/12/15 v1.18 Key value parser (HO)
)))
(/usr/share/texmf/tex/latex/tex-gyre/tgheros.sty
Package: tgheros 2009/09/27 v1.2 TeX Gyre Heros as default sans serif family
)
(/usr/share/texlive/texmf-dist/tex/latex/fncychap/fncychap.sty
Package: fncychap 2007/07/30 v1.34 LaTeX package (Revised chapters)
\RW=\skip52
\mylen=\skip53
\myhi=\skip54
\px=\skip55
\py=\skip56
\pyy=\skip57
\pxx=\skip58
\c@AlphaCnt=\count190
\c@AlphaDecCnt=\count191
) (./sphinx.sty
Package: sphinx 2022/08/15 v5.3.0 LaTeX package (Sphinx markup)

(/usr/share/texlive/texmf-dist/tex/latex/xcolor/xcolor.sty
Package: xcolor 2016/05/11 v2.12 LaTeX color extensions (UK)

(/usr/share/texlive/texmf-dist/tex/latex/graphics-cfg/color.cfg
File: color.cfg 2016/01/02 v1.6 sample color configuration
)
Package xcolor Info: Driver file: pdftex.def on input line 225.

(/usr/share/texlive/texmf-dist/tex/latex/graphics-def/pdftex.def
File: pdftex.def 2018/01/08 v1.0l Graphics/color driver for pdftex
)
Package xcolor Info: Model `cmy' substituted by `cmy0' on input line 1348.
Package xcolor Info: Model `hsb' substituted by `rgb' on input line 1352.
Package xcolor Info: Model `RGB' extended on input line 1364.
Package xcolor Info: Model `HTML' substituted by `rgb' on input line 1366.
Package xcolor Info: Model `Hsb' substituted by `hsb' on input line 1367.
Package xcolor Info: Model `tHsb' substituted by `hsb' on input line 1368.
Package xcolor Info: Model `HSB' substituted by `hsb' on input line 1369.
Package xcolor Info: Model `Gray' substituted by `gray' on input line 1370.
Package xcolor Info: Model `wave' substituted by `hsb' on input line 1371.
)
\sphinxverbatimsep=\dimen145
\sphinxverbatimborder=\dimen146
\sphinxshadowsep=\dimen147
\sphinxshadowsize=\dimen148
\sphinxshadowrule=\dimen149
\spx@notice@border=\dimen150

(./sphinxoptionshyperref.sty
File: sphinxoptionshyperref.sty 2021/01/27 hyperref
) (./sphinxoptionsgeometry.sty
File: sphinxoptionsgeometry.sty 2021/01/27 geometry
)
(/usr/share/texlive/texmf-dist/tex/latex/base/textcomp.sty
Package: textcomp 2020/02/02 v2.0n Standard LaTeX package
)
(/usr/share/texlive/texmf-dist/tex/latex/float/float.sty
Package: float 2001/11/08 v1.3d Float enhancements (AL)
\c@float@type=\count192
\float@exts=\toks22
\float@box=\box47
\@float@everytoks=\toks23
\@floatcapt=\box48
)
(/usr/share/texlive/texmf-dist/tex/latex/wrapfig/wrapfig.sty
\wrapoverhang=\dimen151
\WF@size=\dimen152
\c@WF@wrappedlines=\count193
\WF@box=\box49
\WF@everypar=\toks24
Package: wrapfig 2003/01/31  v 3.6
)
(/usr/share/texlive/texmf-dist/tex/latex/capt-of/capt-of.sty
Package: capt-of 2009/12/29 v0.2 standard captions outside of floats
)
(/usr/share/texlive/texmf-dist/tex/latex/tools/multicol.sty
Package: multicol 2019/12/09 v1.8y multicolumn formatting (FMi)
\c@tracingmulticols=\count194
\mult@box=\box50
\multicol@leftmargin=\dimen153
\c@unbalance=\count195
\c@collectmore=\count196
\doublecol@number=\count197
\multicoltolerance=\count198
\multicolpretolerance=\count199
\full@width=\dimen154
\page@free=\dimen155
\premulticols=\dimen156
\postmulticols=\dimen157
\multicolsep=\skip59
\multicolbaselineskip=\skip60
\partial@page=\box51
\last@line=\box52
\maxbalancingoverflow=\dimen158
\mult@rightbox=\box53
\mult@grightbox=\box54
\mult@gfirstbox=\box55
\mult@firstbox=\box56
\@tempa=\box57
\@tempa=\box58
\@tempa=\box59
\@tempa=\box60
\@tempa=\box61
\@tempa=\box62
\@tempa=\box63
\@tempa=\box64
\@tempa=\box65
\@tempa=\box66
\@tempa=\box67
\@tempa=\box68
\@tempa=\box69
\@tempa=\box70
\@tempa=\box71
\@tempa=\box72
\@tempa=\box73
\@tempa=\box74
\@tempa=\box75
\@tempa=\box76
\@tempa=\box77
\@tempa=\box78
\@tempa=\box79
\@tempa=\box80
\@tempa=\box81
\@tempa=\box82
\@tempa=\box83
\@tempa=\box84
\@tempa=\box85
\@tempa=\box86
\@tempa=\box87
\@tempa=\box88
\@tempa=\box89
\@tempa=\box90
\@tempa=\box91
\@tempa=\box92
\@tempa=\box93
\c@minrows=\count266
\c@columnbadness=\count267
\c@finalcolumnbadness=\count268
\last@try=\dimen159
\multicolovershoot=\dimen160
\multicolundershoot=\dimen161
\mult@nat@firstbox=\box94
\colbreak@box=\box95
\mc@col@check@num=\count269
)
(/usr/share/texlive/texmf-dist/tex/latex/graphics/graphicx.sty
Package: graphicx 2019/11/30 v1.2a Enhanced LaTeX Graphics (DPC,SPQR)

(/usr/share/texlive/texmf-dist/tex/latex/graphics/graphics.sty
Package: graphics 2019/11/30 v1.4a Standard LaTeX Graphics (DPC,SPQR)

(/usr/share/texlive/texmf-dist/tex/latex/graphics/trig.sty
Package: trig 2016/01/03 v1.10 sin cos tan (DPC)
)
(/usr/share/texlive/texmf-dist/tex/latex/graphics-cfg/graphics.cfg
File: graphics.cfg 2016/06/04 v1.11 sample graphics configuration
)
Package graphics Info: Driver file: pdftex.def on input line 105.
)
\Gin@req@height=\dimen162
\Gin@req@width=\dimen163
)
(./sphinxlatexgraphics.sty
File: sphinxlatexgraphics.sty 2021/01/27 graphics
\spx@image@maxheight=\dimen164
\spx@image@box=\box96
) (./sphinxpackageboxes.sty
Package: sphinxpackageboxes 2022/07/04 v5.1.0 advanced colored boxes
\spx@tempboxa=\box97
\spx@tempboxb=\box98
\spx@boxes@border=\dimen165
\spx@boxes@border@top=\dimen166
\spx@boxes@border@right=\dimen167
\spx@boxes@border@bottom=\dimen168
\spx@boxes@border@left=\dimen169
\spx@boxes@padding@top=\dimen170
\spx@boxes@padding@right=\dimen171
\spx@boxes@padding@bottom=\dimen172
\spx@boxes@padding@left=\dimen173
\spx@boxes@shadow@xoffset=\dimen174
\spx@boxes@shadow@yoffset=\dimen175
\spx@boxes@radius@topleft=\dimen176
\spx@boxes@radius@topright=\dimen177
\spx@boxes@radius@bottomright=\dimen178
\spx@boxes@radius@bottomleft=\dimen179
)
(./sphinxlatexadmonitions.sty
File: sphinxlatexadmonitions.sty 2022/07/03 admonitions

(/usr/share/texlive/texmf-dist/tex/latex/framed/framed.sty
Package: framed 2011/10/22 v 0.96: framed or shaded text with page breaks
\OuterFrameSep=\skip61
\fb@frw=\dimen180
\fb@frh=\dimen181
\FrameRule=\dimen182
\FrameSep=\dimen183
))
(./sphinxlatexliterals.sty
File: sphinxlatexliterals.sty 2022/07/29 code-blocks and parsed literals

(/usr/share/texlive/texmf-dist/tex/latex/fancyvrb/fancyvrb.sty
Package: fancyvrb 2020/01/13 v3.5 verbatim text (tvz,hv)
\FV@CodeLineNo=\count270
\FV@InFile=\read3
\FV@TabBox=\box99
\c@FancyVerbLine=\count271
\FV@StepNumber=\count272
\FV@OutFile=\write3
)
(/usr/share/texlive/texmf-dist/tex/latex/base/alltt.sty
Package: alltt 1997/06/16 v2.0g defines alltt environment
)
(/usr/share/texlive/texmf-dist/tex/latex/upquote/upquote.sty
Package: upquote 2012/04/19 v1.3 upright-quote and grave-accent glyphs in verba
tim
)
(/usr/share/texlive/texmf-dist/tex/latex/needspace/needspace.sty
Package: needspace 2010/09/12 v1.3d reserve vertical space
)
\sphinxcontinuationbox=\box100
\sphinxvisiblespacebox=\box101
\sphinxVerbatim@TitleBox=\box102
\sphinxVerbatim@ContentsBox=\box103
)
(./sphinxlatexshadowbox.sty
File: sphinxlatexshadowbox.sty 2022/07/03 sphinxShadowBox
) (./sphinxlatexcontainers.sty
File: sphinxlatexcontainers.sty 2021/05/03 containers
)
(./sphinxhighlight.sty
Package: sphinxhighlight 2022/06/30 stylesheet for highlighting with pygments
) (./sphinxlatextables.sty
File: sphinxlatextables.sty 2022/08/15 tables

(/usr/share/texlive/texmf-dist/tex/latex/tabulary/tabulary.sty
Package: tabulary 2014/06/11 v0.10 tabulary package (DPC)

(/usr/share/texlive/texmf-dist/tex/latex/tools/array.sty
Package: array 2019/08/31 v2.4l Tabular extension package (FMi)
\col@sep=\dimen184
\ar@mcellbox=\box104
\extrarowheight=\dimen185
\NC@list=\toks25
\extratabsurround=\skip62
\backup@length=\skip63
\ar@cellbox=\box105
)
\TY@count=\count273
\TY@linewidth=\dimen186
\tymin=\dimen187
\tymax=\dimen188
\TY@tablewidth=\dimen189
)
(/usr/share/texlive/texmf-dist/tex/latex/tools/longtable.sty
Package: longtable 2020/01/07 v4.13 Multi-page Table package (DPC)
\LTleft=\skip64
\LTright=\skip65
\LTpre=\skip66
\LTpost=\skip67
\LTchunksize=\count274
\LTcapwidth=\dimen190
\LT@head=\box106
\LT@firsthead=\box107
\LT@foot=\box108
\LT@lastfoot=\box109
\LT@cols=\count275
\LT@rows=\count276
\c@LT@tables=\count277
\c@LT@chunks=\count278
\LT@p@ftn=\toks26
)
(/usr/share/texlive/texmf-dist/tex/latex/varwidth/varwidth.sty
Package: varwidth 2009/03/30 ver 0.92;  Variable-width minipages
\@vwid@box=\box110
\sift@deathcycles=\count279
\@vwid@loff=\dimen191
\@vwid@roff=\dimen192
)
\sphinx@TY@tablewidth=\dimen193

(/usr/share/texlive/texmf-dist/tex/latex/colortbl/colortbl.sty
Package: colortbl 2020/01/04 v1.0e Color table columns (DPC)
\everycr=\toks27
\minrowclearance=\skip68
)
\rownum=\count280
)
(./sphinxlatexnumfig.sty
File: sphinxlatexnumfig.sty 2021/01/27 numbering
) (./sphinxlatexlists.sty
File: sphinxlatexlists.sty 2021/12/20 lists
\spx@lineitemlabel=\toks28
)
\c@sphinxscope=\count281
 (./sphinxpackagefootnote.sty
Package: sphinxpackagefootnote 2022/08/15 v5.3.0 Sphinx custom footnotehyper pa
ckage (Sphinx team)
\FNH@notes=\box111
\FNH@toks=\toks29
\FNH@width=\dimen194
\c@sphinxfootnotemark=\count282
) (./sphinxlatexindbibtoc.sty
File: sphinxlatexindbibtoc.sty 2021/01/27 index, bib., toc

(/usr/share/texlive/texmf-dist/tex/latex/base/makeidx.sty
Package: makeidx 2014/09/29 v1.0m Standard LaTeX package
))
(./sphinxlatexstylepage.sty
File: sphinxlatexstylepage.sty 2021/01/27 page styling

(/usr/share/texlive/texmf-dist/tex/latex/parskip/parskip.sty
Rollback for package 'parskip' requested -> version 'v1'.
         This corresponds to the release introduced on 2001-04-09.

(/usr/share/texlive/texmf-dist/tex/latex/parskip/parskip-2001-04-09.sty
Package: parskip 2001/04/09 non-zero parskip adjustments
))
(/usr/share/texlive/texmf-dist/tex/latex/fancyhdr/fancyhdr.sty
Package: fancyhdr 2019/01/31 v3.10 Extensive control of page headers and footer
s
\f@nch@headwidth=\skip69
\f@nch@O@elh=\skip70
\f@nch@O@erh=\skip71
\f@nch@O@olh=\skip72
\f@nch@O@orh=\skip73
\f@nch@O@elf=\skip74
\f@nch@O@erf=\skip75
\f@nch@O@olf=\skip76
\f@nch@O@orf=\skip77
))
(./sphinxlatexstyleheadings.sty
File: sphinxlatexstyleheadings.sty 2022/08/15 headings

(/usr/share/texlive/texmf-dist/tex/latex/titlesec/titlesec.sty
Package: titlesec 2019/10/16 v2.13 Sectioning titles
\ttl@box=\box112
\beforetitleunit=\skip78
\aftertitleunit=\skip79
\ttl@plus=\dimen195
\ttl@minus=\dimen196
\ttl@toksa=\toks30
\titlewidth=\dimen197
\titlewidthlast=\dimen198
\titlewidthfirst=\dimen199
))
(./sphinxlatexstyletext.sty
File: sphinxlatexstyletext.sty 2022/07/02 text styling
) (./sphinxlatexobjects.sty
File: sphinxlatexobjects.sty 2022/01/13 documentation environments
\sphinxsignaturesep=\skip80
\py@argswidth=\skip81
\lineblockindentation=\skip82
\DUlineblockindent=\skip83
))
(/usr/share/texlive/texmf-dist/tex/latex/geometry/geometry.sty
Package: geometry 2020/01/02 v5.9 Page Geometry

(/usr/share/texlive/texmf-dist/tex/generic/iftex/ifvtex.sty
Package: ifvtex 2019/10/25 v1.7 ifvtex legacy package. Use iftex instead.

(/usr/share/texlive/texmf-dist/tex/generic/iftex/iftex.sty
Package: iftex 2019/11/07 v1.0c TeX engine tests
))
\Gm@cnth=\count283
\Gm@cntv=\count284
\c@Gm@tempcnt=\count285
\Gm@bindingoffset=\dimen256
\Gm@wd@mp=\dimen257
\Gm@odd@mp=\dimen258
\Gm@even@mp=\dimen259
\Gm@layoutwidth=\dimen260
\Gm@layoutheight=\dimen261
\Gm@layouthoffset=\dimen262
\Gm@layoutvoffset=\dimen263
\Gm@dimlist=\toks31
)
(/usr/share/texlive/texmf-dist/tex/latex/hyperref/hyperref.sty
Package: hyperref 2020/01/14 v7.00d Hypertext links for LaTeX

(/usr/share/texlive/texmf-dist/tex/latex/pdftexcmds/pdftexcmds.sty
Package: pdftexcmds 2019/11/24 v0.31 Utility functions of pdfTeX for LuaTeX (HO
)

(/usr/share/texlive/texmf-dist/tex/generic/infwarerr/infwarerr.sty
Package: infwarerr 2019/12/03 v1.5 Providing info/warning/error messages (HO)
)
Package pdftexcmds Info: \pdf@primitive is available.
Package pdftexcmds Info: \pdf@ifprimitive is available.
Package pdftexcmds Info: \pdfdraftmode found.
)
(/usr/share/texlive/texmf-dist/tex/generic/kvdefinekeys/kvdefinekeys.sty
Package: kvdefinekeys 2019-12-19 v1.6 Define keys (HO)
)
(/usr/share/texlive/texmf-dist/tex/generic/pdfescape/pdfescape.sty
Package: pdfescape 2019/12/09 v1.15 Implements pdfTeX's escape features (HO)
)
(/usr/share/texlive/texmf-dist/tex/latex/hycolor/hycolor.sty
Package: hycolor 2020-01-27 v1.10 Color options for hyperref/bookmark (HO)
)
(/usr/share/texlive/texmf-dist/tex/latex/letltxmacro/letltxmacro.sty
Package: letltxmacro 2019/12/03 v1.6 Let assignment for LaTeX macros (HO)
)
(/usr/share/texlive/texmf-dist/tex/latex/auxhook/auxhook.sty
Package: auxhook 2019-12-17 v1.6 Hooks for auxiliary files (HO)
)
\@linkdim=\dimen264
\Hy@linkcounter=\count286
\Hy@pagecounter=\count287

(/usr/share/texlive/texmf-dist/tex/latex/hyperref/pd1enc.def
File: pd1enc.def 2020/01/14 v7.00d Hyperref: PDFDocEncoding definition (HO)
Now handling font encoding PD1 ...
... no UTF-8 mapping file for font encoding PD1
)
(/usr/share/texlive/texmf-dist/tex/generic/intcalc/intcalc.sty
Package: intcalc 2019/12/15 v1.3 Expandable calculations with integers (HO)
)
(/usr/share/texlive/texmf-dist/tex/generic/etexcmds/etexcmds.sty
Package: etexcmds 2019/12/15 v1.7 Avoid name clashes with e-TeX commands (HO)
)
\Hy@SavedSpaceFactor=\count288
\pdfmajorversion=\count289
Package hyperref Info: Option `unicode' set `true' on input line 4421.

(/usr/share/texlive/texmf-dist/tex/latex/hyperref/puenc.def
File: puenc.def 2020/01/14 v7.00d Hyperref: PDF Unicode definition (HO)
Now handling font encoding PU ...
... no UTF-8 mapping file for font encoding PU
)
Package hyperref Info: Option `colorlinks' set `true' on input line 4421.
Package hyperref Info: Option `breaklinks' set `true' on input line 4421.
Package hyperref Info: Hyper figures OFF on input line 4547.
Package hyperref Info: Link nesting OFF on input line 4552.
Package hyperref Info: Hyper index ON on input line 4555.
Package hyperref Info: Plain pages OFF on input line 4562.
Package hyperref Info: Backreferencing OFF on input line 4567.
Package hyperref Info: Implicit mode ON; LaTeX internals redefined.
Package hyperref Info: Bookmarks ON on input line 4800.
\c@Hy@tempcnt=\count290

(/usr/share/texlive/texmf-dist/tex/latex/url/url.sty
\Urlmuskip=\muskip17
Package: url 2013/09/16  ver 3.4  Verb mode for urls, etc.
)
LaTeX Info: Redefining \url on input line 5159.
\XeTeXLinkMargin=\dimen265

(/usr/share/texlive/texmf-dist/tex/generic/bitset/bitset.sty
Package: bitset 2019/12/09 v1.3 Handle bit-vector datatype (HO)

(/usr/share/texlive/texmf-dist/tex/generic/bigintcalc/bigintcalc.sty
Package: bigintcalc 2019/12/15 v1.5 Expandable calculations on big integers (HO
)
))
\Fld@menulength=\count291
\Field@Width=\dimen266
\Fld@charsize=\dimen267
Package hyperref Info: Hyper figures OFF on input line 6430.
Package hyperref Info: Link nesting OFF on input line 6435.
Package hyperref Info: Hyper index ON on input line 6438.
Package hyperref Info: backreferencing OFF on input line 6445.
Package hyperref Info: Link coloring ON on input line 6448.
Package hyperref Info: Link coloring with OCG OFF on input line 6455.
Package hyperref Info: PDF/A mode OFF on input line 6460.
LaTeX Info: Redefining \ref on input line 6500.
LaTeX Info: Redefining \pageref on input line 6504.

(/usr/share/texlive/texmf-dist/tex/generic/atbegshi/atbegshi.sty
Package: atbegshi 2019/12/05 v1.19 At begin shipout hook (HO)
)
\Hy@abspage=\count292
\c@Item=\count293
\c@Hfootnote=\count294
)
Package hyperref Info: Driver (autodetected): hpdftex.

(/usr/share/texlive/texmf-dist/tex/latex/hyperref/hpdftex.def
File: hpdftex.def 2020/01/14 v7.00d Hyperref driver for pdfTeX

(/usr/share/texlive/texmf-dist/tex/latex/atveryend/atveryend.sty
Package: atveryend 2019-12-11 v1.11 Hooks at the very end of document (HO)
Package atveryend Info: \enddocument detected (standard20110627).
)
\Fld@listcount=\count295
\c@bookmark@seq@number=\count296

(/usr/share/texlive/texmf-dist/tex/latex/rerunfilecheck/rerunfilecheck.sty
Package: rerunfilecheck 2019/12/05 v1.9 Rerun checks for auxiliary files (HO)

(/usr/share/texlive/texmf-dist/tex/generic/uniquecounter/uniquecounter.sty
Package: uniquecounter 2019/12/15 v1.4 Provide unlimited unique counter (HO)
)
Package uniquecounter Info: New unique counter `rerunfilecheck' on input line 2
86.
)
\Hy@SectionHShift=\skip84
)
(/usr/share/texlive/texmf-dist/tex/latex/oberdiek/hypcap.sty
Package: hypcap 2016/05/16 v1.12 Adjusting the anchors of captions (HO)
)
(./sphinxmessages.sty
Package: sphinxmessages 2019/01/04 v2.0 Localized LaTeX macros (Sphinx team)
)
\@indexfile=\write4
\openout4 = `mislanddatapreparationmanual.idx'.


Writing index file mislanddatapreparationmanual.idx
(/usr/share/texlive/texmf-dist/tex/latex/l3backend/l3backend-pdfmode.def
File: l3backend-pdfmode.def 2020-02-03 L3 backend support: PDF mode
\l__kernel_color_stack_int=\count297
\l__pdf_internal_box=\box113
)
(./mislanddatapreparationmanual.aux)
\openout1 = `mislanddatapreparationmanual.aux'.

LaTeX Font Info:    Checking defaults for OML/cmm/m/it on input line 71.
LaTeX Font Info:    ... okay on input line 71.
LaTeX Font Info:    Checking defaults for OMS/cmsy/m/n on input line 71.
LaTeX Font Info:    ... okay on input line 71.
LaTeX Font Info:    Checking defaults for OT1/cmr/m/n on input line 71.
LaTeX Font Info:    ... okay on input line 71.
LaTeX Font Info:    Checking defaults for T1/cmr/m/n on input line 71.
LaTeX Font Info:    ... okay on input line 71.
LaTeX Font Info:    Checking defaults for TS1/cmr/m/n on input line 71.
LaTeX Font Info:    ... okay on input line 71.
LaTeX Font Info:    Checking defaults for OMX/cmex/m/n on input line 71.
LaTeX Font Info:    ... okay on input line 71.
LaTeX Font Info:    Checking defaults for U/cmr/m/n on input line 71.
LaTeX Font Info:    ... okay on input line 71.
LaTeX Font Info:    Checking defaults for PD1/pdf/m/n on input line 71.
LaTeX Font Info:    ... okay on input line 71.
LaTeX Font Info:    Checking defaults for PU/pdf/m/n on input line 71.
LaTeX Font Info:    ... okay on input line 71.
LaTeX Font Info:    Trying to load font information for T1+qtm on input line 71
.

(/usr/share/texmf/tex/latex/tex-gyre/t1qtm.fd
File: t1qtm.fd 2009/09/25 v1.2 font definition file for T1/qtm
)
(/usr/share/texlive/texmf-dist/tex/context/base/mkii/supp-pdf.mkii
[Loading MPS to PDF converter (version 2006.09.02).]
\scratchcounter=\count298
\scratchdimen=\dimen268
\scratchbox=\box114
\nofMPsegments=\count299
\nofMParguments=\count300
\everyMPshowfont=\toks32
\MPscratchCnt=\count301
\MPscratchDim=\dimen269
\MPnumerator=\count302
\makeMPintoPDFobject=\count303
\everyMPtoPDFconversion=\toks33
) (/usr/share/texlive/texmf-dist/tex/latex/epstopdf-pkg/epstopdf-base.sty
Package: epstopdf-base 2020-01-24 v2.11 Base part for package epstopdf
Package epstopdf-base Info: Redefining graphics rule for `.eps' on input line 4
85.

(/usr/share/texlive/texmf-dist/tex/latex/latexconfig/epstopdf-sys.cfg
File: epstopdf-sys.cfg 2010/07/13 v1.3 Configuration of (r)epstopdf for TeX Liv
e
))
\c@literalblock=\count304

*geometry* driver: auto-detecting
*geometry* detected driver: pdftex
*geometry* verbose mode - [ preamble ] result:
* driver: pdftex
* paper: letterpaper
* layout: <same size as paper>
* layoutoffset:(h,v)=(0.0pt,0.0pt)
* modes: twoside 
* h-part:(L,W,R)=(72.26999pt, 469.75502pt, 72.26999pt)
* v-part:(T,H,B)=(72.26999pt, 650.43001pt, 72.26999pt)
* \paperwidth=614.295pt
* \paperheight=794.96999pt
* \textwidth=469.75502pt
* \textheight=650.43001pt
* \oddsidemargin=0.0pt
* \evensidemargin=0.0pt
* \topmargin=-37.0pt
* \headheight=12.0pt
* \headsep=25.0pt
* \topskip=10.0pt
* \footskip=30.0pt
* \marginparwidth=36.135pt
* \marginparsep=11.0pt
* \columnsep=10.0pt
* \skip\footins=9.0pt plus 4.0pt minus 2.0pt
* \hoffset=0.0pt
* \voffset=0.0pt
* \mag=1000
* \@twocolumnfalse
* \@twosidetrue
* \@mparswitchtrue
* \@reversemarginfalse
* (1in=72.27pt=25.4mm, 1cm=28.453pt)

\AtBeginShipoutBox=\box115
Package hyperref Info: Link coloring ON on input line 71.
(/usr/share/texlive/texmf-dist/tex/latex/hyperref/nameref.sty
Package: nameref 2019/09/16 v2.46 Cross-referencing by name of section

(/usr/share/texlive/texmf-dist/tex/latex/refcount/refcount.sty
Package: refcount 2019/12/15 v3.6 Data extraction from label references (HO)
)
(/usr/share/texlive/texmf-dist/tex/generic/gettitlestring/gettitlestring.sty
Package: gettitlestring 2019/12/15 v1.6 Cleanup title references (HO)
)
\c@section@level=\count305
)
LaTeX Info: Redefining \ref on input line 71.
LaTeX Info: Redefining \pageref on input line 71.
LaTeX Info: Redefining \nameref on input line 71.

(./mislanddatapreparationmanual.out) (./mislanddatapreparationmanual.out)
\@outlinefile=\write5
\openout5 = `mislanddatapreparationmanual.out'.

Package hyperref Info: Option `pageanchor' set `false' on input line 79.
LaTeX Font Info:    Trying to load font information for T1+qhv on input line 79
.

(/usr/share/texmf/tex/latex/tex-gyre/t1qhv.fd
File: t1qhv.fd 2009/09/25 v1.2 font definition file for T1/qhv
)<<ot1.cmap>><<oml.cmap>><<oms.cmap>><<omx.cmap>>
LaTeX Font Info:    Trying to load font information for U+msa on input line 79.

 (/usr/share/texlive/texmf-dist/tex/latex/amsfonts/umsa.fd
File: umsa.fd 2013/01/14 v3.01 AMS symbols A
)
LaTeX Font Info:    Trying to load font information for U+msb on input line 79.


(/usr/share/texlive/texmf-dist/tex/latex/amsfonts/umsb.fd
File: umsb.fd 2013/01/14 v3.01 AMS symbols B
) [1

{/var/lib/texmf/fonts/map/pdftex/updmap/pdftex.map}] [2


] (./mislanddatapreparationmanual.toc
[1

] [2])
\tf@toc=\write6
\openout6 = `mislanddatapreparationmanual.toc'.

 [3] [4

]
<home.png, id=493, 1155.1155pt x 567.3195pt>
LaTeX Font Info:    Trying to load font information for T1+txtt on input line 9
0.
 (/usr/share/texlive/texmf-dist/tex/latex/txfonts/t1txtt.fd
File: t1txtt.fd 2000/12/15 v3.1
)
File: home.png Graphic file (type png)
<use home.png>
Package pdftex.def Info: home.png  used on input line 90.
(pdftex.def)             Requested size: 469.75803pt x 234.86186pt.
LaTeX Font Info:    Trying to load font information for TS1+qtm on input line 9
9.

(/usr/share/texmf/tex/latex/tex-gyre/ts1qtm.fd
File: ts1qtm.fd 2009/09/25 v1.2 font definition file for TS1/qtm
) [1 <./home.png (PNG copy)>]
[2

]
Chapter 1.
<admin1.png, id=507, 564.60938pt x 434.37282pt>
File: admin1.png Graphic file (type png)
<use admin1.png>
Package pdftex.def Info: admin1.png  used on input line 132.
(pdftex.def)             Requested size: 469.76286pt x 361.40424pt.
[3]
<admin3.png, id=514, 560.0925pt x 439.6425pt>
File: admin3.png Graphic file (type png)
<use admin3.png>
Package pdftex.def Info: admin3.png  used on input line 145.
(pdftex.def)             Requested size: 469.77368pt x 368.74037pt.
 [4 <./admin1.png>]
File: admin3.png Graphic file (type png)
<use admin3.png>
Package pdftex.def Info: admin3.png  used on input line 158.
(pdftex.def)             Requested size: 469.77368pt x 368.74037pt.
 [5 <./admin3.png>]
<admin4a.png, id=525, 502.12593pt x 440.39531pt>
File: admin4a.png Graphic file (type png)
<use admin4a.png>
Package pdftex.def Info: admin4a.png  used on input line 177.
(pdftex.def)             Requested size: 469.77652pt x 412.00943pt.
 [6] [7 <./admin4a.png>]
<admin4.png, id=537, 499.11469pt x 216.05719pt>
File: admin4.png Graphic file (type png)
<use admin4.png>
Package pdftex.def Info: admin4.png  used on input line 190.
(pdftex.def)             Requested size: 469.7695pt x 203.3542pt.
File: admin4.png Graphic file (type png)
<use admin4.png>
Package pdftex.def Info: admin4.png  used on input line 204.
(pdftex.def)             Requested size: 469.7695pt x 203.3542pt.
 [8 <./admin4.png>]
<admin5.png, id=544, 573.64313pt x 473.51906pt>
File: admin5.png Graphic file (type png)
<use admin5.png>
Package pdftex.def Info: admin5.png  used on input line 217.
(pdftex.def)             Requested size: 469.7602pt x 387.78235pt.
<admin8.png, id=545, 540.51938pt x 450.9347pt>
File: admin8.png Graphic file (type png)
<use admin8.png>
Package pdftex.def Info: admin8.png  used on input line 230.
(pdftex.def)             Requested size: 469.7697pt x 391.93158pt.
 [9 <./admin5.png>]
<admin9.png, id=551, 612.03656pt x 444.91219pt>
File: admin9.png Graphic file (type png)
<use admin9.png>
Package pdftex.def Info: admin9.png  used on input line 243.
(pdftex.def)             Requested size: 469.7567pt x 341.47006pt.
 [10 <./admin8.png>] [11 <./admin9.png>]
File: admin4.png Graphic file (type png)
<use admin4.png>
Package pdftex.def Info: admin4.png  used on input line 270.
(pdftex.def)             Requested size: 469.7695pt x 203.3542pt.
<admin12.png, id=562, 557.83406pt x 441.14813pt>
File: admin12.png Graphic file (type png)
<use admin12.png>
Package pdftex.def Info: admin12.png  used on input line 289.
(pdftex.def)             Requested size: 469.76907pt x 371.51102pt.
 [12] [13 <./admin12.png>]
<admin14.png, id=574, 459.21562pt x 176.15813pt>
File: admin14.png Graphic file (type png)
<use admin14.png>
Package pdftex.def Info: admin14.png  used on input line 314.
(pdftex.def)             Requested size: 459.2355pt x 176.15768pt.
 [14 <./admin14.png>]
Chapter 2.
[15

] [16] [17] [18

]
Chapter 3.
<canvas.png, id=669, 775.39688pt x 526.96875pt>
File: canvas.png Graphic file (type png)
<use canvas.png>
Package pdftex.def Info: canvas.png  used on input line 999.
(pdftex.def)             Requested size: 469.76138pt x 319.26334pt.
[19] [20 <./canvas.png>] [21]
<models_parameters.png, id=693, 213.79875pt x 307.90031pt>
File: models_parameters.png Graphic file (type png)
<use models_parameters.png>
Package pdftex.def Info: models_parameters.png  used on input line 1209.
(pdftex.def)             Requested size: 213.79822pt x 307.89955pt.
<checkbox.png, id=694, 16.56187pt x 16.56187pt>
File: checkbox.png Graphic file (type png)
<use checkbox.png>
Package pdftex.def Info: checkbox.png  used on input line 1214.
(pdftex.def)             Requested size: 13.00003pt x 13.00008pt.
<checkbox_unchecked.png, id=696, 19.06023pt x 18.26604pt>
File: checkbox_unchecked.png Graphic file (type png)
<use checkbox_unchecked.png>
Package pdftex.def Info: checkbox_unchecked.png  used on input line 1214.
(pdftex.def)             Requested size: 13.00003pt x 12.45863pt.
<models_parameters2.png, id=697, 356.83313pt x 59.47218pt>
File: models_parameters2.png Graphic file (type png)
<use models_parameters2.png>
Package pdftex.def Info: models_parameters2.png  used on input line 1232.
(pdftex.def)             Requested size: 356.83224pt x 59.47203pt.
 [22 <./models_parameters.png> <./checkbox.png> <./checkbox_unchecked.png> <./m
odels_parameters2.png>]
<models_parameters3.png, id=706, 573.64313pt x 457.71pt>
File: models_parameters3.png Graphic file (type png)
<use models_parameters3.png>
Package pdftex.def Info: models_parameters3.png  used on input line 1263.
(pdftex.def)             Requested size: 469.7602pt x 374.82877pt.
<models_parameters4.png, id=707, 886.06032pt x 558.58687pt>
File: models_parameters4.png Graphic file (type png)
<use models_parameters4.png>
Package pdftex.def Info: models_parameters4.png  used on input line 1280.
(pdftex.def)             Requested size: 469.75845pt x 296.15192pt.
 [23 <./models_parameters3.png>]
<mIconFieldInteger.png, id=713, 11.29219pt x 5.26968pt>
File: mIconFieldInteger.png Graphic file (type png)
<use mIconFieldInteger.png>
Package pdftex.def Info: mIconFieldInteger.png  used on input line 1291.
(pdftex.def)             Requested size: 15.0pt x 7.00003pt.
<mIconExpression.png, id=714, 19.272pt x 19.272pt>
File: mIconExpression.png Graphic file (type png)
<use mIconExpression.png>
Package pdftex.def Info: mIconExpression.png  used on input line 1296.
(pdftex.def)             Requested size: 15.0pt x 15.00032pt.
<processingModel.png, id=715, 19.272pt x 19.272pt>
File: processingModel.png Graphic file (type png)
<use processingModel.png>
Package pdftex.def Info: processingModel.png  used on input line 1303.
(pdftex.def)             Requested size: 15.0pt x 15.00032pt.
<processingAlgorithm.png, id=716, 19.272pt x 19.272pt>
File: processingAlgorithm.png Graphic file (type png)
<use processingAlgorithm.png>
Package pdftex.def Info: processingAlgorithm.png  used on input line 1309.
(pdftex.def)             Requested size: 15.0pt x 15.00032pt.
<mIconModelOutput.png, id=717, 12.045pt x 12.045pt>
File: mIconModelOutput.png Graphic file (type png)
<use mIconModelOutput.png>
Package pdftex.def Info: mIconModelOutput.png  used on input line 1315.
(pdftex.def)             Requested size: 15.0pt x 14.99994pt.
<models_parameters5.png, id=718, 577.40718pt x 581.92406pt>
File: models_parameters5.png Graphic file (type png)
<use models_parameters5.png>
Package pdftex.def Info: models_parameters5.png  used on input line 1330.
(pdftex.def)             Requested size: 469.77655pt x 473.44258pt.
 [24 <./models_parameters4.png> <./mIconFieldInteger.png> <./mIconExpression.pn
g> <./processingModel.png> <./processingAlgorithm.png> <./mIconModelOutput.png>
] [25 <./models_parameters5.png>]
<models_model.png, id=735, 889.07156pt x 554.82281pt>
File: models_model.png Graphic file (type png)
<use models_model.png>
Package pdftex.def Info: models_model.png  used on input line 1379.
(pdftex.def)             Requested size: 469.75412pt x 293.14883pt.
<mActionStart.png, id=736, 19.272pt x 19.272pt>
File: mActionStart.png Graphic file (type png)
<use mActionStart.png>
Package pdftex.def Info: mActionStart.png  used on input line 1383.
(pdftex.def)             Requested size: 15.0pt x 15.00032pt.
<mActionZoomIn.png, id=737, 19.272pt x 19.272pt>
File: mActionZoomIn.png Graphic file (type png)
<use mActionZoomIn.png>
Package pdftex.def Info: mActionZoomIn.png  used on input line 1392.
(pdftex.def)             Requested size: 15.0pt x 15.00032pt.
File: processingModel.png Graphic file (type png)
<use processingModel.png>
Package pdftex.def Info: processingModel.png  used on input line 1392.
(pdftex.def)             Requested size: 15.0pt x 15.00032pt.
<mActionZoomActual.png, id=738, 19.272pt x 19.272pt>
File: mActionZoomActual.png Graphic file (type png)
<use mActionZoomActual.png>
Package pdftex.def Info: mActionZoomActual.png  used on input line 1392.
(pdftex.def)             Requested size: 15.0pt x 15.00032pt.
<mActionZoomFullExtent.png, id=739, 19.272pt x 19.272pt>
File: mActionZoomFullExtent.png Graphic file (type png)
<use mActionZoomFullExtent.png>
Package pdftex.def Info: mActionZoomFullExtent.png  used on input line 1392.
(pdftex.def)             Requested size: 15.0pt x 15.00032pt.
<mActionUndo.png, id=740, 14.454pt x 14.454pt>
File: mActionUndo.png Graphic file (type png)
<use mActionUndo.png>
Package pdftex.def Info: mActionUndo.png  used on input line 1397.
(pdftex.def)             Requested size: 15.0pt x 15.00067pt.
<mActionRedo.png, id=741, 14.454pt x 14.454pt>
File: mActionRedo.png Graphic file (type png)
<use mActionRedo.png>
Package pdftex.def Info: mActionRedo.png  used on input line 1397.
(pdftex.def)             Requested size: 15.0pt x 15.00067pt.
 [26 <./models_model.png> <./mActionStart.png> <./mActionZoomIn.png> <./mAction
ZoomActual.png> <./mActionZoomFullExtent.png> <./mActionUndo.png> <./mActionRed
o.png>]
<mActionSelectAll.png, id=753, 72.27pt x 72.27pt>
File: mActionSelectAll.png Graphic file (type png)
<use mActionSelectAll.png>
Package pdftex.def Info: mActionSelectAll.png  used on input line 1415.
(pdftex.def)             Requested size: 15.0pt x 14.99959pt.
File: mActionUndo.png Graphic file (type png)
<use mActionUndo.png>
Package pdftex.def Info: mActionUndo.png  used on input line 1424.
(pdftex.def)             Requested size: 15.0pt x 15.00067pt.
File: mActionRedo.png Graphic file (type png)
<use mActionRedo.png>
Package pdftex.def Info: mActionRedo.png  used on input line 1428.
(pdftex.def)             Requested size: 15.0pt x 15.00067pt.
<mActionEditCut.png, id=754, 19.272pt x 19.272pt>
File: mActionEditCut.png Graphic file (type png)
<use mActionEditCut.png>
Package pdftex.def Info: mActionEditCut.png  used on input line 1432.
(pdftex.def)             Requested size: 15.0pt x 15.00032pt.
<mActionEditCopy.png, id=755, 19.272pt x 19.272pt>
File: mActionEditCopy.png Graphic file (type png)
<use mActionEditCopy.png>
Package pdftex.def Info: mActionEditCopy.png  used on input line 1436.
(pdftex.def)             Requested size: 15.0pt x 15.00032pt.
<mActionEditPaste.png, id=756, 19.272pt x 19.272pt>
File: mActionEditPaste.png Graphic file (type png)
<use mActionEditPaste.png>
Package pdftex.def Info: mActionEditPaste.png  used on input line 1440.
(pdftex.def)             Requested size: 15.0pt x 15.00032pt.
<mActionDeleteSelected.png, id=757, 19.57312pt x 19.57312pt>
File: mActionDeleteSelected.png Graphic file (type png)
<use mActionDeleteSelected.png>
Package pdftex.def Info: mActionDeleteSelected.png  used on input line 1444.
(pdftex.def)             Requested size: 15.0pt x 15.00055pt.
<model_group_box.png, id=758, 635.37375pt x 493.845pt>
File: model_group_box.png Graphic file (type png)
<use model_group_box.png>
Package pdftex.def Info: model_group_box.png  used on input line 1459.
(pdftex.def)             Requested size: 469.77171pt x 365.11554pt.
 [27 <./mActionSelectAll.png> <./mActionEditCut.png> <./mActionEditCopy.png> <.
/mActionEditPaste.png> <./mActionDeleteSelected.png> <./model_group_box.png>]
<model_reorder_inputs.png, id=769, 575.14874pt x 456.20438pt>
File: model_reorder_inputs.png Graphic file (type png)
<use model_reorder_inputs.png>
Package pdftex.def Info: model_reorder_inputs.png  used on input line 1481.
(pdftex.def)             Requested size: 469.7645pt x 372.61424pt.
<mActionFileSave.png, id=770, 19.272pt x 19.272pt>
File: mActionFileSave.png Graphic file (type png)
<use mActionFileSave.png>
Package pdftex.def Info: mActionFileSave.png  used on input line 1488.
(pdftex.def)             Requested size: 15.0pt x 15.00032pt.
<mActionFileOpen.png, id=771, 25.696pt x 25.696pt>
File: mActionFileOpen.png Graphic file (type png)
<use mActionFileOpen.png>
Package pdftex.def Info: mActionFileOpen.png  used on input line 1489.
(pdftex.def)             Requested size: 15.0pt x 15.00012pt.
 [28 <./model_reorder_inputs.png> <./mActionFileSave.png> <./mActionFileOpen.pn
g>]
<mAddToProject.png, id=779, 16.56187pt x 17.31468pt>
File: mAddToProject.png Graphic file (type png)
<use mAddToProject.png>
Package pdftex.def Info: mAddToProject.png  used on input line 1512.
(pdftex.def)             Requested size: 15.0pt x 15.68185pt.
<mIconQgsProjectFile.png, id=780, 12.045pt x 12.045pt>
File: mIconQgsProjectFile.png Graphic file (type png)
<use mIconQgsProjectFile.png>
Package pdftex.def Info: mIconQgsProjectFile.png  used on input line 1518.
(pdftex.def)             Requested size: 15.0pt x 14.99994pt.
<mActionSaveMapAsImage.png, id=781, 19.272pt x 19.272pt>
File: mActionSaveMapAsImage.png Graphic file (type png)
<use mActionSaveMapAsImage.png>
Package pdftex.def Info: mActionSaveMapAsImage.png  used on input line 1540.
(pdftex.def)             Requested size: 15.0pt x 15.00032pt.
<mActionSaveAsPDF.png, id=782, 19.272pt x 19.272pt>
File: mActionSaveAsPDF.png Graphic file (type png)
<use mActionSaveAsPDF.png>
Package pdftex.def Info: mActionSaveAsPDF.png  used on input line 1541.
(pdftex.def)             Requested size: 15.0pt x 15.00032pt.
<mActionSaveAsSVG.png, id=783, 19.272pt x 19.272pt>
File: mActionSaveAsSVG.png Graphic file (type png)
<use mActionSaveAsSVG.png>
Package pdftex.def Info: mActionSaveAsSVG.png  used on input line 1541.
(pdftex.def)             Requested size: 15.0pt x 15.00032pt.
<modeler_right_click.png, id=784, 261.22594pt x 112.16907pt>
File: modeler_right_click.png Graphic file (type png)
<use modeler_right_click.png>
Package pdftex.def Info: modeler_right_click.png  used on input line 1559.
(pdftex.def)             Requested size: 261.22528pt x 112.16878pt.
<cannot_delete_alg.png, id=785, 240.9pt x 91.09032pt>
File: cannot_delete_alg.png Graphic file (type png)
<use cannot_delete_alg.png>
Package pdftex.def Info: cannot_delete_alg.png  used on input line 1576.
(pdftex.def)             Requested size: 240.8994pt x 91.09007pt.
 [29 <./mAddToProject.png> <./mIconQgsProjectFile.png> <./mActionSaveMapAsImage
.png> <./mActionSaveAsPDF.png> <./mActionSaveAsSVG.png> <./modeler_right_click.
png>]
<deactivated.png, id=796, 178.41656pt x 141.52875pt>
File: deactivated.png Graphic file (type png)
<use deactivated.png>
Package pdftex.def Info: deactivated.png  used on input line 1608.
(pdftex.def)             Requested size: 178.4161pt x 141.5284pt.
<mActionEditHelpContent.png, id=797, 16.56187pt x 17.31468pt>
File: mActionEditHelpContent.png Graphic file (type png)
<use mActionEditHelpContent.png>
Package pdftex.def Info: mActionEditHelpContent.png  used on input line 1621.
(pdftex.def)             Requested size: 15.0pt x 15.68185pt.
<help_edition.png, id=798, 424.58624pt x 413.29407pt>
File: help_edition.png Graphic file (type png)
<use help_edition.png>
Package pdftex.def Info: help_edition.png  used on input line 1628.
(pdftex.def)             Requested size: 424.5852pt x 413.29305pt.
 [30 <./cannot_delete_alg.png> <./deactivated.png> <./mActionEditHelpContent.pn
g>] [31 <./help_edition.png>]
<mActionSaveAsPython.png, id=812, 17.31468pt x 18.0675pt>
File: mActionSaveAsPython.png Graphic file (type png)
<use mActionSaveAsPython.png>
Package pdftex.def Info: mActionSaveAsPython.png  used on input line 1656.
(pdftex.def)             Requested size: 15.0pt x 15.65215pt.
File: mActionSaveAsPython.png Graphic file (type png)
<use mActionSaveAsPython.png>
Package pdftex.def Info: mActionSaveAsPython.png  used on input line 1658.
(pdftex.def)             Requested size: 15.0pt x 15.65215pt.
 [32 <./mActionSaveAsPython.png>]
Chapter 4.
[33

] [34] [35] [36

]
Chapter 5.
LaTeX Font Info:    Font shape `T1/txtt/m/it' in size <10> not available
(Font)              Font shape `T1/txtt/m/sl' tried instead on input line 2301.

LaTeX Font Info:    Font shape `T1/txtt/b/n' in size <10> not available
(Font)              Font shape `T1/txtt/bx/n' tried instead on input line 2302.

LaTeX Font Info:    Trying to load font information for TS1+txtt on input line 
2304.
(/usr/share/texlive/texmf-dist/tex/latex/txfonts/ts1txtt.fd
File: ts1txtt.fd 2000/12/15 v3.1
)
Overfull \vbox (1.27908pt too high) detected at line 2330
 []

[37]
LaTeX Font Info:    Font shape `TS1/txtt/m/it' in size <10> not available
(Font)              Font shape `TS1/txtt/m/sl' tried instead on input line 2348
.
 [38]
Underfull \vbox (badness 10000) detected at line 2575
 []


Underfull \vbox (badness 10000) detected at line 2575
 []

[39]
Underfull \vbox (badness 10000) detected at line 2575
 []


Underfull \vbox (badness 10000) detected at line 2575
 []

[40]
Underfull \vbox (badness 10000) detected at line 2575
 []


Underfull \vbox (badness 10000) detected at line 2575
 []

[41]
Underfull \vbox (badness 10000) detected at line 2575
 []


Underfull \vbox (badness 10000) detected at line 2575
 []

[42] [43] [44

]
Chapter 6.
<LC1.png, id=954, 921.4425pt x 609.77812pt>
File: LC1.png Graphic file (type png)
<use LC1.png>
Package pdftex.def Info: LC1.png  used on input line 2603.
(pdftex.def)             Requested size: 469.74669pt x 234.8909pt.
<LC2.png, id=955, 822.07124pt x 536.75531pt>
File: LC2.png Graphic file (type png)
<use LC2.png>
Package pdftex.def Info: LC2.png  used on input line 2618.
(pdftex.def)             Requested size: 469.75204pt x 352.31851pt.
[45 <./LC1.png>]
<LC3.png, id=964, 470.50781pt x 216.05719pt>
File: LC3.png Graphic file (type png)
<use LC3.png>
Package pdftex.def Info: LC3.png  used on input line 2633.
(pdftex.def)             Requested size: 469.76pt x 215.72696pt.
 [46 <./LC2.png>]
<LC4.png, id=971, 649.67719pt x 533.74406pt>
File: LC4.png Graphic file (type png)
<use LC4.png>
Package pdftex.def Info: LC4.png  used on input line 2648.
(pdftex.def)             Requested size: 469.75978pt x 385.95686pt.
 [47 <./LC3.png>]
<LC5.png, id=978, 814.54312pt x 699.36281pt>
File: LC5.png Graphic file (type png)
<use LC5.png>
Package pdftex.def Info: LC5.png  used on input line 2663.
(pdftex.def)             Requested size: 469.75069pt x 411.05179pt.
 [48 <./LC4.png>]
<LC6.png, id=985, 902.6222pt x 405.01312pt>
File: LC6.png Graphic file (type png)
<use LC6.png>
Package pdftex.def Info: LC6.png  used on input line 2678.
(pdftex.def)             Requested size: 469.76566pt x 234.87068pt.
 [49 <./LC5.png>]
<LC7.png, id=993, 490.83376pt x 450.18187pt>
File: LC7.png Graphic file (type png)
<use LC7.png>
Package pdftex.def Info: LC7.png  used on input line 2698.
(pdftex.def)             Requested size: 469.77203pt x 430.87828pt.
 [50 <./LC6.png>]
<LC8.png, id=1000, 414.04688pt x 327.47343pt>
File: LC8.png Graphic file (type png)
<use LC8.png>
Package pdftex.def Info: LC8.png  used on input line 2708.
(pdftex.def)             Requested size: 414.05849pt x 327.47264pt.
 [51 <./LC7.png>]
<LC9.png, id=1006, 319.94531pt x 226.59656pt>
File: LC9.png Graphic file (type png)
<use LC9.png>
Package pdftex.def Info: LC9.png  used on input line 2723.
(pdftex.def)             Requested size: 319.94939pt x 226.596pt.
 [52 <./LC8.png> <./LC9.png>]
<LC10.png, id=1014, 555.57562pt x 442.65375pt>
File: LC10.png Graphic file (type png)
<use LC10.png>
Package pdftex.def Info: LC10.png  used on input line 2738.
(pdftex.def)             Requested size: 469.75761pt x 374.30544pt.
 [53 <./LC10.png>] [54

]
Chapter 7.
[55]
<fr1.png, id=1034, 1107.38719pt x 626.34pt>
File: fr1.png Graphic file (type png)
<use fr1.png>
Package pdftex.def Info: fr1.png  used on input line 2840.
(pdftex.def)             Requested size: 469.74623pt x 265.24959pt.
<fr2.png, id=1035, 725.71124pt x 468.24937pt>
File: fr2.png Graphic file (type png)
<use fr2.png>
Package pdftex.def Info: fr2.png  used on input line 2855.
(pdftex.def)             Requested size: 469.76886pt x 265.25443pt.
 [56 <./fr1.png>]
File: mActionSelectAll.png Graphic file (type png)
<use mActionSelectAll.png>
Package pdftex.def Info: mActionSelectAll.png  used on input line 2861.
(pdftex.def)             Requested size: 15.0pt x 14.99959pt.
<fr3.png, id=1044, 558.58687pt x 483.30562pt>
File: fr3.png Graphic file (type png)
<use fr3.png>
Package pdftex.def Info: fr3.png  used on input line 2869.
(pdftex.def)             Requested size: 469.77231pt x 406.46068pt.
 [57 <./fr2.png>]
<fr4.png, id=1051, 520.19344pt x 457.71pt>
File: fr4.png Graphic file (type png)
<use fr4.png>
Package pdftex.def Info: fr4.png  used on input line 2892.
(pdftex.def)             Requested size: 469.75726pt x 413.35995pt.
 [58 <./fr3.png>]
<fr5.png, id=1058, 483.30562pt x 449.42906pt>
File: fr5.png Graphic file (type png)
<use fr5.png>
Package pdftex.def Info: fr5.png  used on input line 2904.
(pdftex.def)             Requested size: 469.77197pt x 436.84401pt.
 [59 <./fr4.png>]
[60 <./fr5.png>]
Chapter 8.
<ecounit1.png, id=1069, 602.25pt x 491.58656pt>
File: ecounit1.png Graphic file (type png)
<use ecounit1.png>
Package pdftex.def Info: ecounit1.png  used on input line 2926.
(pdftex.def)             Requested size: 469.77148pt x 372.85956pt.
<ecounit2a.png, id=1070, 271.76532pt x 210.03468pt>
File: ecounit2a.png Graphic file (type png)
<use ecounit2a.png>
Package pdftex.def Info: ecounit2a.png  used on input line 2941.
(pdftex.def)             Requested size: 271.77708pt x 210.03416pt.
[61

 <./ecounit1.png>]
<ecounit2.png, id=1079, 533.74406pt x 436.63126pt>
File: ecounit2.png Graphic file (type png)
<use ecounit2.png>
Package pdftex.def Info: ecounit2.png  used on input line 2956.
(pdftex.def)             Requested size: 469.76952pt x 384.25002pt.
 [62 <./ecounit2a.png>]
<ecounit3.png, id=1086, 559.33969pt x 182.18062pt>
File: ecounit3.png Graphic file (type png)
<use ecounit3.png>
Package pdftex.def Info: ecounit3.png  used on input line 2965.
(pdftex.def)             Requested size: 469.77385pt x 153.00842pt.
 [63 <./ecounit2.png> <./ecounit3.png>]
<ecounit4.png, id=1094, 567.62062pt x 445.665pt>
File: ecounit4.png Graphic file (type png)
<use ecounit4.png>
Package pdftex.def Info: ecounit4.png  used on input line 2976.
(pdftex.def)             Requested size: 469.77383pt x 368.79341pt.
<ecounit3b.png, id=1095, 564.60938pt x 414.79968pt>
File: ecounit3b.png Graphic file (type png)
<use ecounit3b.png>
Package pdftex.def Info: ecounit3b.png  used on input line 2995.
(pdftex.def)             Requested size: 469.76286pt x 345.10646pt.
 [64 <./ecounit4.png>]
<ecounit5.png, id=1102, 551.05875pt x 460.72125pt>
File: ecounit5.png Graphic file (type png)
<use ecounit5.png>
Package pdftex.def Info: ecounit5.png  used on input line 3005.
(pdftex.def)             Requested size: 469.77272pt x 392.70456pt.
 [65 <./ecounit3b.png>]
<ecounit7.png, id=1108, 539.01375pt x 457.71pt>
File: ecounit7.png Graphic file (type png)
<use ecounit7.png>
Package pdftex.def Info: ecounit7.png  used on input line 3015.
(pdftex.def)             Requested size: 469.76064pt x 398.91687pt.
 [66 <./ecounit5.png>]
[67 <./ecounit7.png>] [68

]
Chapter 9.
<cqi2a.png, id=1124, 442.65375pt x 341.02406pt>
File: cqi2a.png Graphic file (type png)
<use cqi2a.png>
Package pdftex.def Info: cqi2a.png  used on input line 3045.
(pdftex.def)             Requested size: 442.6729pt x 341.04404pt.
[69]
<cqi2.png, id=1130, 633.11531pt x 441.14813pt>
File: cqi2.png Graphic file (type png)
<use cqi2.png>
Package pdftex.def Info: cqi2.png  used on input line 3056.
(pdftex.def)             Requested size: 469.76352pt x 301.98944pt.
 [70 <./cqi2a.png>]
<cqi1a.png, id=1136, 395.97937pt x 254.45062pt>
File: cqi1a.png Graphic file (type png)
<use cqi1a.png>
Package pdftex.def Info: cqi1a.png  used on input line 3071.
(pdftex.def)             Requested size: 395.98444pt x 254.45775pt.
 [71 <./cqi2.png>]
<cqi1.png, id=1143, 588.69937pt x 489.32813pt>
File: cqi1.png Graphic file (type png)
<use cqi1.png>
Package pdftex.def Info: cqi1.png  used on input line 3081.
(pdftex.def)             Requested size: 469.75642pt x 390.47743pt.
 [72 <./cqi1a.png>]
<cqi3.png, id=1149, 307.90031pt x 211.54031pt>
File: cqi3.png Graphic file (type png)
<use cqi3.png>
Package pdftex.def Info: cqi3.png  used on input line 3096.
(pdftex.def)             Requested size: 307.91833pt x 211.54623pt.
 [73 <./cqi1.png>]
<cqi4.png, id=1157, 558.58687pt x 484.81125pt>
File: cqi4.png Graphic file (type png)
<use cqi4.png>
Package pdftex.def Info: cqi4.png  used on input line 3106.
(pdftex.def)             Requested size: 469.77231pt x 407.7417pt.

[74 <./cqi3.png>]
<cqi5.png, id=1163, 942.52126pt x 395.22656pt>
File: cqi5.png Graphic file (type png)
<use cqi5.png>
Package pdftex.def Info: cqi5.png  used on input line 3118.
(pdftex.def)             Requested size: 469.76378pt x 176.15569pt.
 [75 <./cqi4.png>]
<cqi9.png, id=1169, 409.53pt x 156.585pt>
File: cqi9.png Graphic file (type png)
<use cqi9.png>
Package pdftex.def Info: cqi9.png  used on input line 3128.
(pdftex.def)             Requested size: 409.55399pt x 156.58939pt.
<cqi6.png, id=1170, 602.25pt x 512.66531pt>
File: cqi6.png Graphic file (type png)
<use cqi6.png>
Package pdftex.def Info: cqi6.png  used on input line 3145.
(pdftex.def)             Requested size: 469.77148pt x 399.8695pt.
 [76 <./cqi5.png> <./cqi9.png>]
<cqi7.png, id=1178, 584.93532pt x 282.30469pt>
File: cqi7.png Graphic file (type png)
<use cqi7.png>
Package pdftex.def Info: cqi7.png  used on input line 3152.
(pdftex.def)             Requested size: 469.76967pt x 226.71419pt.
 [77 <./cqi6.png>]
<cqi10.png, id=1184, 523.20468pt x 458.46281pt>
File: cqi10.png Graphic file (type png)
<use cqi10.png>
Package pdftex.def Info: cqi10.png  used on input line 3163.
(pdftex.def)             Requested size: 469.76218pt x 411.66132pt.
 [78 <./cqi7.png>]
<cqi8.png, id=1190, 499.11469pt x 409.53pt>
File: cqi8.png Graphic file (type png)
<use cqi8.png>
Package pdftex.def Info: cqi8.png  used on input line 3179.
(pdftex.def)             Requested size: 469.7695pt x 385.4769pt.
 [79 <./cqi10.png>] [80 <./cqi8.png>]
Chapter 10.
[81

]
<vqi3.png, id=1214, 997.47656pt x 648.92438pt>
File: vqi3.png Graphic file (type png)
<use vqi3.png>
Package pdftex.def Info: vqi3.png  used on input line 3298.
(pdftex.def)             Requested size: 469.7425pt x 310.76723pt.
<vqi3a.png, id=1215, 251.43938pt x 166.37157pt>
File: vqi3a.png Graphic file (type png)
<use vqi3a.png>
Package pdftex.def Info: vqi3a.png  used on input line 3313.
(pdftex.def)             Requested size: 251.43875pt x 166.38129pt.
 [82 <./vqi3.png> <./vqi3a.png>]
<vqi4.png, id=1224, 713.66624pt x 584.1825pt>
File: vqi4.png Graphic file (type png)
<use vqi4.png>
Package pdftex.def Info: vqi4.png  used on input line 3328.
(pdftex.def)             Requested size: 469.75797pt x 352.32172pt.
<vqi4a.png, id=1225, 888.31876pt x 518.6878pt>
File: vqi4a.png Graphic file (type png)
<use vqi4a.png>
Package pdftex.def Info: vqi4a.png  used on input line 3339.
(pdftex.def)             Requested size: 469.74944pt x 268.4608pt.
 [83 <./vqi4.png>]
<vqi1.png, id=1233, 397.485pt x 398.23781pt>
File: vqi1.png Graphic file (type png)
<use vqi1.png>
Package pdftex.def Info: vqi1.png  used on input line 3349.
(pdftex.def)             Requested size: 469.76817pt x 352.30371pt.
 [84 <./vqi4a.png>]
<vqi2.png, id=1240, 162.6075pt x 137.01187pt>
File: vqi2.png Graphic file (type png)
<use vqi2.png>
Package pdftex.def Info: vqi2.png  used on input line 3356.
(pdftex.def)             Requested size: 162.6195pt x 137.02199pt.
<vqi5.png, id=1241, 1194.71344pt x 647.41875pt>
File: vqi5.png Graphic file (type png)
<use vqi5.png>
Package pdftex.def Info: vqi5.png  used on input line 3372.
(pdftex.def)             Requested size: 469.74641pt x 264.23819pt.

[85 <./vqi1.png> <./vqi2.png>]
<vqi6.png, id=1250, 631.60968pt x 494.59781pt>
File: vqi6.png Graphic file (type png)
<use vqi6.png>
Package pdftex.def Info: vqi6.png  used on input line 3384.
(pdftex.def)             Requested size: 469.76433pt x 367.83055pt.
 [86 <./vqi5.png>] [87 <./vqi6.png>] [88

]
Chapter 11.
[89] [90

]
Chapter 12.
<mqi1.png, id=1273, 1160.83687pt x 606.01407pt>
File: mqi1.png Graphic file (type png)
<use mqi1.png>
Package pdftex.def Info: mqi1.png  used on input line 3414.
(pdftex.def)             Requested size: 469.74667pt x 260.61795pt.
<mqi2.png, id=1274, 447.17062pt x 309.40594pt>
File: mqi2.png Graphic file (type png)
<use mqi2.png>
Package pdftex.def Info: mqi2.png  used on input line 3429.
(pdftex.def)             Requested size: 447.17635pt x 309.4335pt.
[91 <./mqi1.png>]
<mqi3a.png, id=1283, 767.86874pt x 551.81157pt>
File: mqi3a.png Graphic file (type png)
<use mqi3a.png>
Package pdftex.def Info: mqi3a.png  used on input line 3444.
(pdftex.def)             Requested size: 469.75839pt x 266.00323pt.
 [92 <./mqi2.png>]
<mqi3.png, id=1290, 664.73344pt x 520.19344pt>
File: mqi3.png Graphic file (type png)
<use mqi3.png>
Package pdftex.def Info: mqi3.png  used on input line 3451.
(pdftex.def)             Requested size: 469.76302pt x 367.58572pt.
 [93 <./mqi3a.png>]
<mqi4.png, id=1296, 1145.02782pt x 607.51968pt>
File: mqi4.png Graphic file (type png)
<use mqi4.png>
Package pdftex.def Info: mqi4.png  used on input line 3469.
(pdftex.def)             Requested size: 469.76147pt x 264.65826pt.
 [94 <./mqi3.png>]
<mqi5.png, id=1303, 309.40594pt x 255.95625pt>
File: mqi5.png Graphic file (type png)
<use mqi5.png>
Package pdftex.def Info: mqi5.png  used on input line 3484.
(pdftex.def)             Requested size: 309.4335pt x 255.95561pt.
<mqi6.png, id=1304, 575.90157pt x 467.49657pt>
File: mqi6.png Graphic file (type png)
<use mqi6.png>
Package pdftex.def Info: mqi6.png  used on input line 3499.
(pdftex.def)             Requested size: 469.77304pt x 381.35231pt.

[95 <./mqi4.png> <./mqi5.png>]
<mqi7.png, id=1313, 644.4075pt x 240.9pt>
File: mqi7.png Graphic file (type png)
<use mqi7.png>
Package pdftex.def Info: mqi7.png  used on input line 3514.
(pdftex.def)             Requested size: 469.77443pt x 175.61292pt.
<mqi10.png, id=1314, 368.87813pt x 391.4625pt>
File: mqi10.png Graphic file (type png)
<use mqi10.png>
Package pdftex.def Info: mqi10.png  used on input line 3521.
(pdftex.def)             Requested size: 368.87721pt x 391.47945pt.
 [96 <./mqi6.png>]
<mqi11.png, id=1320, 182.18062pt x 179.16937pt>
File: mqi11.png Graphic file (type png)
<use mqi11.png>
Package pdftex.def Info: mqi11.png  used on input line 3528.
(pdftex.def)             Requested size: 182.18571pt x 179.17986pt.
 [97 <./mqi7.png> <./mqi10.png>]
<mqi8.png, id=1328, 1153.30875pt x 609.02531pt>
File: mqi8.png Graphic file (type png)
<use mqi8.png>
Package pdftex.def Info: mqi8.png  used on input line 3545.
(pdftex.def)             Requested size: 469.76239pt x 262.80507pt.
<mqi9.png, id=1329, 630.85687pt x 476.53032pt>
File: mqi9.png Graphic file (type png)
<use mqi9.png>
Package pdftex.def Info: mqi9.png  used on input line 3552.
(pdftex.def)             Requested size: 469.76274pt x 354.85193pt.
 [98 <./mqi11.png> <./mqi8.png>] [99 <./mqi9.png>] [100

]
Chapter 13.
[101] [102

]
Chapter 14.
<ranking.png, id=1354, 485.6544pt x 232.2276pt>
File: ranking.png Graphic file (type png)
<use ranking.png>
Package pdftex.def Info: ranking.png  used on input line 3575.
(pdftex.def)             Requested size: 469.77995pt x 234.87755pt.
[103 <./ranking.png>]
<geomStyling.png, id=1363, 626.34pt x 606.76688pt>
File: geomStyling.png Graphic file (type png)
<use geomStyling.png>
Package pdftex.def Info: geomStyling.png  used on input line 3606.
(pdftex.def)             Requested size: 469.77295pt x 455.0833pt.
 [104]
<GEOM.png, id=1371, 889.07156pt x 366.61969pt>
File: GEOM.png Graphic file (type png)
<use GEOM.png>
Package pdftex.def Info: GEOM.png  used on input line 3613.
(pdftex.def)             Requested size: 469.75412pt x 234.89313pt.
 [105 <./geomStyling.png>]
<classes.png, id=1378, 451.6875pt x 301.125pt>
File: classes.png Graphic file (type png)
<use classes.png>
Package pdftex.def Info: classes.png  used on input line 3623.
(pdftex.def)             Requested size: 338.76479pt x 225.84319pt.
 [106 <./GEOM.png> <./classes.png>]
<geomophologyUpload.png, id=1386, 758.835pt x 520.19344pt>
File: geomophologyUpload.png Graphic file (type png)
<use geomophologyUpload.png>
Package pdftex.def Info: geomophologyUpload.png  used on input line 3633.
(pdftex.def)             Requested size: 469.76654pt x 436.82455pt.
<slopeCalc.png, id=1388, 1120.185pt x 357.58594pt>
File: slopeCalc.png Graphic file (type png)
<use slopeCalc.png>
Package pdftex.def Info: slopeCalc.png  used on input line 3648.
(pdftex.def)             Requested size: 469.7566pt x 149.95589pt.
 [107 <./geomophologyUpload.png>]
<slopeRank.png, id=1394, 259.7203pt x 109.1578pt>
File: slopeRank.png Graphic file (type png)
<use slopeRank.png>
Package pdftex.def Info: slopeRank.png  used on input line 3658.
(pdftex.def)             Requested size: 259.71967pt x 109.15753pt.
<slopeUpload.png, id=1395, 726.46407pt x 520.19344pt>
File: slopeUpload.png Graphic file (type png)
<use slopeUpload.png>
Package pdftex.def Info: slopeUpload.png  used on input line 3671.
(pdftex.def)             Requested size: 469.76845pt x 436.82455pt.
 [108 <./slopeCalc.png> <./slopeRank.png>]
<RasterizeTidal.png, id=1405, 1120.9378pt x 359.09157pt>
File: RasterizeTidal.png Graphic file (type png)
<use RasterizeTidal.png>
Package pdftex.def Info: RasterizeTidal.png  used on input line 3687.
(pdftex.def)             Requested size: 469.76442pt x 150.48866pt.
 [109 <./slopeUpload.png>]
<tidalUpload.png, id=1413, 717.43031pt x 521.69907pt>
File: tidalUpload.png Graphic file (type png)
<use tidalUpload.png>
Package pdftex.def Info: tidalUpload.png  used on input line 3697.
(pdftex.def)             Requested size: 469.76157pt x 436.83113pt.
 [110 <./RasterizeTidal.png>]
<waveHeightUpload.png, id=1422, 820.56563pt x 520.94624pt>
File: waveHeightUpload.png Graphic file (type png)
<use waveHeightUpload.png>
Package pdftex.def Info: waveHeightUpload.png  used on input line 3711.
(pdftex.def)             Requested size: 469.75565pt x 436.84467pt.
 [111 <./tidalUpload.png>]
<accreationUpload.png, id=1430, 827.34094pt x 520.94624pt>
File: accreationUpload.png Graphic file (type png)
<use accreationUpload.png>
Package pdftex.def Info: accreationUpload.png  used on input line 3724.
(pdftex.def)             Requested size: 469.75873pt x 436.82082pt.
 [112 <./waveHeightUpload.png>]
<sealevelchangeUpload.png, id=1437, 847.66687pt x 522.45187pt>
File: sealevelchangeUpload.png Graphic file (type png)
<use sealevelchangeUpload.png>
Package pdftex.def Info: sealevelchangeUpload.png  used on input line 3734.
(pdftex.def)             Requested size: 469.7493pt x 436.83968pt.
 [113 <./accreationUpload.png>] [114 <./sealevelchangeUpload.png>]
Chapter 15.
(./mislanddatapreparationmanual.ind)
Package atveryend Info: Empty hook `BeforeClearDocument' on input line 3758.
 [115

]
Package atveryend Info: Empty hook `AfterLastShipout' on input line 3758.
 (./mislanddatapreparationmanual.aux)
Package atveryend Info: Executing hook `AtVeryEndDocument' on input line 3758.
Package atveryend Info: Executing hook `AtEndAfterFileList' on input line 3758.

Package rerunfilecheck Info: File `mislanddatapreparationmanual.out' has not ch
anged.
(rerunfilecheck)             Checksum: 409352AFC26658040E815CFE28096AB2;15974.
Package atveryend Info: Empty hook `AtVeryVeryEnd' on input line 3758.
 ) 
Here is how much of TeX's memory you used:
 15798 strings out of 483107
 237492 string characters out of 5964631
 814450 words of memory out of 5000000
 29971 multiletter control sequences out of 15000+600000
 595458 words of font info for 73 fonts, out of 8000000 for 9000
 60 hyphenation exceptions out of 8191
 38i,13n,51p,800b,537s stack positions out of 5000i,500n,10000p,200000b,80000s
{/usr/share/texlive/texmf-dist/fonts/enc/dvips/base/8r.enc}{/usr/share/texmf/
fonts/enc/dvips/tex-gyre/q-ec.enc}{/usr/share/texmf/fonts/enc/dvips/tex-gyre/q-
ts1.enc}</usr/share/texlive/texmf-dist/fonts/type1/public/amsfonts/cm/cmmi5.pfb
></usr/share/texlive/texmf-dist/fonts/type1/public/amsfonts/cm/cmsy10.pfb></usr
/share/texlive/texmf-dist/fonts/type1/public/amsfonts/cm/cmsy5.pfb></usr/share/
texmf/fonts/type1/public/tex-gyre/qhvb.pfb></usr/share/texmf/fonts/type1/public
/tex-gyre/qhvbi.pfb></usr/share/texmf/fonts/type1/public/tex-gyre/qhvr.pfb></us
r/share/texmf/fonts/type1/public/tex-gyre/qtmb.pfb></usr/share/texmf/fonts/type
1/public/tex-gyre/qtmr.pfb></usr/share/texmf/fonts/type1/public/tex-gyre/qtmri.
pfb></usr/share/texlive/texmf-dist/fonts/type1/public/txfonts/t1xbtt.pfb></usr/
share/texlive/texmf-dist/fonts/type1/public/txfonts/t1xtt.pfb></usr/share/texli
ve/texmf-dist/fonts/type1/public/txfonts/t1xtt.pfb></usr/share/texlive/texmf-di
st/fonts/type1/public/txfonts/tcxtt.pfb></usr/share/texlive/texmf-dist/fonts/ty
pe1/urw/times/utmr8a.pfb>
Output written on mislanddatapreparationmanual.pdf (121 pages, 7169118 bytes).
PDF statistics:
 1583 PDF objects out of 1728 (max. 8388607)
 1203 compressed objects within 13 object streams
 351 named destinations out of 1000 (max. 500000)
 1339 words of extra memory for PDF output out of 10000 (max. 10000000)

